<?xml version="1.0" encoding="UTF-8"?>
<!-- Generated by org.testng.reporters.JUnitReportReporter -->
<testsuite hostname="DESKTOP-J8VA1KP" failures="0" tests="22" name="reviewer.ReviewerCount" time="1061.600" errors="0" timestamp="2023-04-06T16:41:48 IST" skipped="0">
  <testcase classname="reviewer.ReviewerCount" name="Login" time="29.398"/>
  <system-out/>
  <testcase classname="reviewer.ReviewerCount" name="ActivatedEventsCount" time="26.232"/>
  <system-out/>
  <testcase classname="reviewer.ReviewerCount" name="MyReminderStatutory" time="29.808"/>
  <system-out/>
  <testcase classname="reviewer.ReviewerCount" name="MyReminderInternal" time="37.009"/>
  <system-out/>
  <testcase classname="reviewer.ReviewerCount" name="InterimReview" time="19.030"/>
  <system-out/>
  <testcase classname="reviewer.ReviewerCount" name="MyEscalation" time="67.475"/>
  <system-out/>
  <testcase classname="reviewer.ReviewerCount" name="ReassignUser" time="30.848"/>
  <system-out/>
  <testcase classname="reviewer.ReviewerCount" name="DetailedReport1" time="140.483"/>
  <system-out/>
  <testcase classname="reviewer.ReviewerCount" name="DetailedReportIn" time="75.410"/>
  <system-out/>
  <testcase classname="reviewer.ReviewerCount" name="AssignmentReport" time="41.148"/>
  <system-out/>
  <testcase classname="reviewer.ReviewerCount" name="TaskReport" time="40.455"/>
  <system-out/>
  <testcase classname="reviewer.ReviewerCount" name="ComplianceRepository" time="27.389"/>
  <system-out/>
  <testcase classname="reviewer.ReviewerCount" name="EventReport" time="43.454"/>
  <system-out/>
  <testcase classname="reviewer.ReviewerCount" name="ComplianceDocumentsSat" time="146.376"/>
  <system-out/>
  <testcase classname="reviewer.ReviewerCount" name="CriticalDocuments" time="70.601"/>
  <system-out/>
  <testcase classname="reviewer.ReviewerCount" name="Compliancecalendar" time="39.635"/>
  <system-out/>
  <testcase classname="reviewer.ReviewerCount" name="DailyUpdates" time="52.490"/>
  <system-out/>
  <testcase classname="reviewer.ReviewerCount" name="NewsLetter" time="31.027"/>
  <system-out/>
  <testcase classname="reviewer.ReviewerCount" name="MessageCenter" time="31.193"/>
  <system-out/>
  <testcase classname="reviewer.ReviewerCount" name="MyNotifications" time="41.299"/>
  <system-out/>
  <testcase classname="reviewer.ReviewerCount" name="InternalMsg" time="23.276"/>
  <system-out/>
  <testcase classname="reviewer.ReviewerCount" name="SupportTicket" time="17.564"/>
  <system-out/>
</testsuite> <!-- reviewer.ReviewerCount -->
