<?xml version="1.0" encoding="UTF-8"?>
<!-- Generated by org.testng.reporters.JUnitReportReporter -->
<testsuite hostname="DESKTOP-J8VA1KP" failures="0" tests="2" name="implementation.ImplementCount" time="61.286" errors="0" timestamp="2023-02-01T19:34:47 IST" skipped="0">
  <testcase classname="implementation.ImplementCount" name="Login" time="10.261"/>
  <system-out/>
  <testcase classname="implementation.ImplementCount" name="EditCompliances" time="51.025"/>
  <system-out/>
</testsuite> <!-- implementation.ImplementCount -->
