<?xml version="1.0" encoding="UTF-8"?>
<!-- Generated by org.testng.reporters.JUnitReportReporter -->
<testsuite skipped="0" hostname="LAPTOP-TBA24BB5" name="performer.OverdueCount" tests="2" failures="0" timestamp="2023-01-13T14:31:31 IST" time="78.580" errors="0">
  <testcase name="Login" time="23.574" classname="performer.OverdueCount"/>
  <system-out/>
  <testcase name="ActDocuments" time="55.006" classname="performer.OverdueCount"/>
  <system-out/>
</testsuite> <!-- performer.OverdueCount -->
