<?xml version="1.0" encoding="UTF-8"?>
<!-- Generated by org.testng.reporters.JUnitReportReporter -->
<testsuite hostname="DESKTOP-J8VA1KP" failures="0" tests="15" name="approval.ApprovalcountInternal" time="662.190" errors="0" timestamp="2023-03-28T15:52:45 IST" skipped="0">
  <testcase classname="approval.ApprovalcountInternal" name="Login" time="38.577"/>
  <system-out/>
  <testcase classname="approval.ApprovalcountInternal" name="clickCategoriesInternal" time="24.155"/>
  <system-out/>
  <testcase classname="approval.ApprovalcountInternal" name="ClickCompliancesInternal" time="14.096"/>
  <system-out/>
  <testcase classname="approval.ApprovalcountInternal" name="clickUsersInternal" time="18.762"/>
  <system-out/>
  <testcase classname="approval.ApprovalcountInternal" name="SummaryofOverdueCompliances" time="39.246"/>
  <system-out/>
  <testcase classname="approval.ApprovalcountInternal" name="NotCompleted_PieChart" time="33.948"/>
  <system-out/>
  <testcase classname="approval.ApprovalcountInternal" name="Overdue_PieChartInternal" time="38.161"/>
  <system-out/>
  <testcase classname="approval.ApprovalcountInternal" name="PFR_PieChartInternal" time="72.666"/>
  <system-out/>
  <testcase classname="approval.ApprovalcountInternal" name="Rejected_PieChartInternal" time="59.861"/>
  <system-out/>
  <testcase classname="approval.ApprovalcountInternal" name="DepartmentSummaryInternal" time="73.405"/>
  <system-out/>
  <testcase classname="approval.ApprovalcountInternal" name="NotCompleted_PieChartPeriod" time="40.319"/>
  <system-out/>
  <testcase classname="approval.ApprovalcountInternal" name="Overdue_PieChartInternalPeriod" time="45.452"/>
  <system-out/>
  <testcase classname="approval.ApprovalcountInternal" name="PFR_PieChartInternalPeriod" time="73.750"/>
  <system-out/>
  <testcase classname="approval.ApprovalcountInternal" name="Rejected_PieChartInternalPeriod" time="62.418"/>
  <system-out/>
  <testcase classname="approval.ApprovalcountInternal" name="GradingReportInternal" time="27.374"/>
  <system-out/>
</testsuite> <!-- approval.ApprovalcountInternal -->
