<?xml version="1.0" encoding="UTF-8"?>
<!-- Generated by org.testng.reporters.JUnitReportReporter -->
<testsuite hostname="DESKTOP-J8VA1KP" failures="0" tests="2" name="implementation.ImplementCount" time="117.296" errors="0" timestamp="2023-01-24T11:27:46 IST" skipped="0">
  <testcase classname="implementation.ImplementCount" name="Login" time="10.838"/>
  <system-out/>
  <testcase classname="implementation.ImplementCount" name="ModifyAssignmentsTask" time="106.458"/>
  <system-out/>
</testsuite> <!-- implementation.ImplementCount -->
