<?xml version="1.0" encoding="UTF-8"?>
<!-- Generated by org.testng.reporters.JUnitReportReporter -->
<testsuite hostname="DESKTOP-J8VA1KP" failures="0" tests="3" name="cfo.MgmtBita" time="279.379" errors="0" timestamp="2023-01-30T11:04:54 IST" skipped="0">
  <testcase classname="cfo.MgmtBita" name="Login" time="20.685"/>
  <system-out/>
  <testcase classname="cfo.MgmtBita" name="CompliancesCountMatch" time="43.615"/>
  <system-out/>
  <testcase classname="cfo.MgmtBita" name="ClosedDelayed_PieChart" time="215.079"/>
  <system-out/>
</testsuite> <!-- cfo.MgmtBita -->
