<?xml version="1.0" encoding="UTF-8"?>
<!-- Generated by org.testng.reporters.JUnitReportReporter -->
<testsuite hostname="DESKTOP-J8VA1KP" failures="0" tests="3" name="cfo.MgmtBita" time="275.507" errors="0" timestamp="2023-02-06T11:43:09 IST" skipped="0">
  <testcase classname="cfo.MgmtBita" name="Login" time="21.500"/>
  <system-out/>
  <testcase classname="cfo.MgmtBita" name="CompliancesCountMatch" time="44.099"/>
  <system-out/>
  <testcase classname="cfo.MgmtBita" name="ClosedDelayed_PieChart" time="209.908"/>
  <system-out/>
</testsuite> <!-- cfo.MgmtBita -->
