<?xml version="1.0" encoding="UTF-8"?>
<!-- Generated by org.testng.reporters.JUnitReportReporter -->
<testsuite hostname="DESKTOP-J8VA1KP" failures="0" tests="2" name="implementation.ImplementCount" time="61.896" errors="0" timestamp="2023-03-27T18:40:48 IST" skipped="0">
  <testcase classname="implementation.ImplementCount" name="Login" time="6.681"/>
  <system-out/>
  <testcase classname="implementation.ImplementCount" name="LogReport" time="55.215"/>
  <system-out/>
</testsuite> <!-- implementation.ImplementCount -->
