<?xml version="1.0" encoding="UTF-8"?>
<!-- Generated by org.testng.reporters.JUnitReportReporter -->
<testsuite hostname="DESKTOP-J8VA1KP" failures="0" tests="20" name="auditor.AuditorcountStatutory" time="2183.618" errors="2" timestamp="2023-02-21T19:48:41 IST" skipped="0">
  <testcase classname="auditor.AuditorcountStatutory" name="Login" time="20.955"/>
  <system-out/>
  <testcase classname="auditor.AuditorcountStatutory" name="RiskSummaryLowStatutory" time="95.274"/>
  <system-out/>
  <testcase classname="auditor.AuditorcountStatutory" name="DepartmentSummaryFinanceStatutory" time="88.441"/>
  <system-out/>
  <testcase classname="auditor.AuditorcountStatutory" name="NotCompleted_PieChartPe" time="220.567"/>
  <system-out/>
  <testcase classname="auditor.AuditorcountStatutory" name="ClosedDelayed_PieChartPe" time="179.541"/>
  <system-out/>
  <testcase classname="auditor.AuditorcountStatutory" name="ClosedTimely_PieChartPe" time="222.784"/>
  <system-out/>
  <testcase classname="auditor.AuditorcountStatutory" name="Overdue_PieChartperiod" time="227.086"/>
  <system-out/>
  <testcase classname="auditor.AuditorcountStatutory" name="pendingForReview_PieChartPeriod" time="270.015"/>
  <system-out/>
  <testcase classname="auditor.AuditorcountStatutory" name="inProgress_PieChartPeriod" time="189.578"/>
  <system-out/>
  <testcase classname="auditor.AuditorcountStatutory" name="rejected_PieChartPeriod" time="149.008"/>
  <system-out/>
  <testcase classname="auditor.AuditorcountStatutory" name="DailyUpdates" time="36.452"/>
  <system-out/>
  <testcase classname="auditor.AuditorcountStatutory" name="DetailedReport" time="147.723"/>
  <system-out/>
  <testcase classname="auditor.AuditorcountStatutory" name="AssignmentReport" time="42.887"/>
  <system-out/>
  <testcase classname="auditor.AuditorcountStatutory" name="ActRepository" time="21.588"/>
  <system-out/>
  <testcase classname="auditor.AuditorcountStatutory" name="ComplianceDocuments" time="129.891"/>
  <system-out/>
  <testcase classname="auditor.AuditorcountStatutory" name="CriticalDocuments" time="54.005"/>
  <system-out/>
  <testcase classname="auditor.AuditorcountStatutory" name="ActDocuments" time="42.746"/>
  <system-out/>
  <testcase classname="auditor.AuditorcountStatutory" name="MyNotifications" time="30.877"/>
  <system-out/>
  <testcase classname="auditor.AuditorcountStatutory" name="InternalMsg" time="9.081">
    <error message="invalid argument: File not found : C:/Users/sandip/Downloads/InternalReport.xlsx
  (Session info: chrome=110.0.5481.97)
Build info: version: &#039;3.141.0&#039;, revision: &#039;2ecb7d9a&#039;, time: &#039;2018-10-31T20:09:30&#039;
System info: host: &#039;DESKTOP-J8VA1KP&#039;, ip: &#039;192.168.1.2&#039;, os.name: &#039;Windows 10&#039;, os.arch: &#039;amd64&#039;, os.version: &#039;10.0&#039;, java.version: &#039;17.0.5&#039;
Driver info: org.openqa.selenium.chrome.ChromeDriver
Capabilities {acceptInsecureCerts: false, browserName: chrome, browserVersion: 110.0.5481.97, chrome: {chromedriverVersion: 110.0.5481.77 (65ed616c6e8e..., userDataDir: C:\Users\MAYURI~1\AppData\L...}, goog:chromeOptions: {debuggerAddress: localhost:54854}, javascriptEnabled: true, networkConnectionEnabled: false, pageLoadStrategy: normal, platform: WINDOWS, platformName: WINDOWS, proxy: Proxy(), setWindowRect: true, strictFileInteractability: false, timeouts: {implicit: 0, pageLoad: 300000, script: 30000}, unhandledPromptBehavior: dismiss and notify, webauthn:extension:credBlob: true, webauthn:extension:largeBlob: true, webauthn:virtualAuthenticators: true}
Session ID: 9995385c381788282388ca4be077c91c" type="org.openqa.selenium.InvalidArgumentException">
      <![CDATA[org.openqa.selenium.InvalidArgumentException: invalid argument: File not found : C:/Users/sandip/Downloads/InternalReport.xlsx
  (Session info: chrome=110.0.5481.97)
Build info: version: '3.141.0', revision: '2ecb7d9a', time: '2018-10-31T20:09:30'
System info: host: 'DESKTOP-J8VA1KP', ip: '192.168.1.2', os.name: 'Windows 10', os.arch: 'amd64', os.version: '10.0', java.version: '17.0.5'
Driver info: org.openqa.selenium.chrome.ChromeDriver
Capabilities {acceptInsecureCerts: false, browserName: chrome, browserVersion: 110.0.5481.97, chrome: {chromedriverVersion: 110.0.5481.77 (65ed616c6e8e..., userDataDir: C:\Users\MAYURI~1\AppData\L...}, goog:chromeOptions: {debuggerAddress: localhost:54854}, javascriptEnabled: true, networkConnectionEnabled: false, pageLoadStrategy: normal, platform: WINDOWS, platformName: WINDOWS, proxy: Proxy(), setWindowRect: true, strictFileInteractability: false, timeouts: {implicit: 0, pageLoad: 300000, script: 30000}, unhandledPromptBehavior: dismiss and notify, webauthn:extension:credBlob: true, webauthn:extension:largeBlob: true, webauthn:virtualAuthenticators: true}
Session ID: 9995385c381788282388ca4be077c91c
at java.base/jdk.internal.reflect.NativeConstructorAccessorImpl.newInstance0(Native Method)
at java.base/jdk.internal.reflect.NativeConstructorAccessorImpl.newInstance(NativeConstructorAccessorImpl.java:77)
at java.base/jdk.internal.reflect.DelegatingConstructorAccessorImpl.newInstance(DelegatingConstructorAccessorImpl.java:45)
at java.base/java.lang.reflect.Constructor.newInstanceWithCaller(Constructor.java:499)
at java.base/java.lang.reflect.Constructor.newInstance(Constructor.java:480)
at org.openqa.selenium.remote.http.W3CHttpResponseCodec.createException(W3CHttpResponseCodec.java:187)
at org.openqa.selenium.remote.http.W3CHttpResponseCodec.decode(W3CHttpResponseCodec.java:122)
at org.openqa.selenium.remote.http.W3CHttpResponseCodec.decode(W3CHttpResponseCodec.java:49)
at org.openqa.selenium.remote.HttpCommandExecutor.execute(HttpCommandExecutor.java:158)
at org.openqa.selenium.remote.service.DriverCommandExecutor.execute(DriverCommandExecutor.java:83)
at org.openqa.selenium.remote.RemoteWebDriver.execute(RemoteWebDriver.java:552)
at org.openqa.selenium.remote.RemoteWebElement.execute(RemoteWebElement.java:285)
at org.openqa.selenium.remote.RemoteWebElement.sendKeys(RemoteWebElement.java:106)
at auditor.AuditorcountStatutory.InternalMsg(AuditorcountStatutory.java:2313)
at java.base/jdk.internal.reflect.NativeMethodAccessorImpl.invoke0(Native Method)
at java.base/jdk.internal.reflect.NativeMethodAccessorImpl.invoke(NativeMethodAccessorImpl.java:77)
at java.base/jdk.internal.reflect.DelegatingMethodAccessorImpl.invoke(DelegatingMethodAccessorImpl.java:43)
at java.base/java.lang.reflect.Method.invoke(Method.java:568)
at org.testng.internal.MethodInvocationHelper.invokeMethod(MethodInvocationHelper.java:133)
at org.testng.internal.TestInvoker.invokeMethod(TestInvoker.java:598)
at org.testng.internal.TestInvoker.invokeTestMethod(TestInvoker.java:173)
at org.testng.internal.MethodRunner.runInSequence(MethodRunner.java:46)
at org.testng.internal.TestInvoker$MethodInvocationAgent.invoke(TestInvoker.java:824)
at org.testng.internal.TestInvoker.invokeTestMethods(TestInvoker.java:146)
at org.testng.internal.TestMethodWorker.invokeTestMethods(TestMethodWorker.java:146)
at org.testng.internal.TestMethodWorker.run(TestMethodWorker.java:128)
at java.base/java.util.ArrayList.forEach(ArrayList.java:1511)
at org.testng.TestRunner.privateRun(TestRunner.java:794)
at org.testng.TestRunner.run(TestRunner.java:596)
at org.testng.SuiteRunner.runTest(SuiteRunner.java:377)
at org.testng.SuiteRunner.runSequentially(SuiteRunner.java:371)
at org.testng.SuiteRunner.privateRun(SuiteRunner.java:332)
at org.testng.SuiteRunner.run(SuiteRunner.java:276)
at org.testng.SuiteRunnerWorker.runSuite(SuiteRunnerWorker.java:53)
at org.testng.SuiteRunnerWorker.run(SuiteRunnerWorker.java:96)
at org.testng.TestNG.runSuitesSequentially(TestNG.java:1212)
at org.testng.TestNG.runSuitesLocally(TestNG.java:1134)
at org.testng.TestNG.runSuites(TestNG.java:1063)
at org.testng.TestNG.run(TestNG.java:1031)
at org.testng.remote.AbstractRemoteTestNG.run(AbstractRemoteTestNG.java:115)
at org.testng.remote.RemoteTestNG.initAndRun(RemoteTestNG.java:251)
at org.testng.remote.RemoteTestNG.main(RemoteTestNG.java:77)
]]>
    </error>
  </testcase> <!-- InternalMsg -->
  <system-out/>
  <testcase classname="auditor.AuditorcountStatutory" name="SupportTicket" time="5.119">
    <error message="element click intercepted: Element &lt;div onclick=&quot;openticket()&quot; data-toggle=&quot;tooltip&quot; data-placement=&quot;top&quot; title=&quot;Create a Support Ticket&quot; id=&quot;ticketicon&quot; style=&quot;height: 83px; bottom: 0px; cursor: pointer; line-height: 14px; opacity: 1.5; padding-bottom: 6px; padding-top: 0px; position: fixed; left: 11%; margin-right: 142px; text-align: center; width: 80px; z-index: 22; display: block;&quot;&gt;...&lt;/div&gt; is not clickable at point (216, 645). Other element would receive the click: &lt;input name=&quot;ctl00$btnsendmailNew&quot; type=&quot;button&quot; id=&quot;btnsendmailNew&quot; style=&quot;width: 100%; border: 0px; height: 50px; background-color: #1fd9e1; color: white; font-size: 22px; 
                                         font-family: &#039;Roboto&#039;,sans-serif;&quot; value=&quot;Send&quot;&gt;
  (Session info: chrome=110.0.5481.97)
Build info: version: &#039;3.141.0&#039;, revision: &#039;2ecb7d9a&#039;, time: &#039;2018-10-31T20:09:30&#039;
System info: host: &#039;DESKTOP-J8VA1KP&#039;, ip: &#039;192.168.1.2&#039;, os.name: &#039;Windows 10&#039;, os.arch: &#039;amd64&#039;, os.version: &#039;10.0&#039;, java.version: &#039;17.0.5&#039;
Driver info: org.openqa.selenium.chrome.ChromeDriver
Capabilities {acceptInsecureCerts: false, browserName: chrome, browserVersion: 110.0.5481.97, chrome: {chromedriverVersion: 110.0.5481.77 (65ed616c6e8e..., userDataDir: C:\Users\MAYURI~1\AppData\L...}, goog:chromeOptions: {debuggerAddress: localhost:54854}, javascriptEnabled: true, networkConnectionEnabled: false, pageLoadStrategy: normal, platform: WINDOWS, platformName: WINDOWS, proxy: Proxy(), setWindowRect: true, strictFileInteractability: false, timeouts: {implicit: 0, pageLoad: 300000, script: 30000}, unhandledPromptBehavior: dismiss and notify, webauthn:extension:credBlob: true, webauthn:extension:largeBlob: true, webauthn:virtualAuthenticators: true}
Session ID: 9995385c381788282388ca4be077c91c" type="org.openqa.selenium.ElementClickInterceptedException">
      <![CDATA[org.openqa.selenium.ElementClickInterceptedException: element click intercepted: Element <div onclick="openticket()" data-toggle="tooltip" data-placement="top" title="Create a Support Ticket" id="ticketicon" style="height: 83px; bottom: 0px; cursor: pointer; line-height: 14px; opacity: 1.5; padding-bottom: 6px; padding-top: 0px; position: fixed; left: 11%; margin-right: 142px; text-align: center; width: 80px; z-index: 22; display: block;">...</div> is not clickable at point (216, 645). Other element would receive the click: <input name="ctl00$btnsendmailNew" type="button" id="btnsendmailNew" style="width: 100%; border: 0px; height: 50px; background-color: #1fd9e1; color: white; font-size: 22px; 
                                         font-family: 'Roboto',sans-serif;" value="Send">
  (Session info: chrome=110.0.5481.97)
Build info: version: '3.141.0', revision: '2ecb7d9a', time: '2018-10-31T20:09:30'
System info: host: 'DESKTOP-J8VA1KP', ip: '192.168.1.2', os.name: 'Windows 10', os.arch: 'amd64', os.version: '10.0', java.version: '17.0.5'
Driver info: org.openqa.selenium.chrome.ChromeDriver
Capabilities {acceptInsecureCerts: false, browserName: chrome, browserVersion: 110.0.5481.97, chrome: {chromedriverVersion: 110.0.5481.77 (65ed616c6e8e..., userDataDir: C:\Users\MAYURI~1\AppData\L...}, goog:chromeOptions: {debuggerAddress: localhost:54854}, javascriptEnabled: true, networkConnectionEnabled: false, pageLoadStrategy: normal, platform: WINDOWS, platformName: WINDOWS, proxy: Proxy(), setWindowRect: true, strictFileInteractability: false, timeouts: {implicit: 0, pageLoad: 300000, script: 30000}, unhandledPromptBehavior: dismiss and notify, webauthn:extension:credBlob: true, webauthn:extension:largeBlob: true, webauthn:virtualAuthenticators: true}
Session ID: 9995385c381788282388ca4be077c91c
at java.base/jdk.internal.reflect.NativeConstructorAccessorImpl.newInstance0(Native Method)
at java.base/jdk.internal.reflect.NativeConstructorAccessorImpl.newInstance(NativeConstructorAccessorImpl.java:77)
at java.base/jdk.internal.reflect.DelegatingConstructorAccessorImpl.newInstance(DelegatingConstructorAccessorImpl.java:45)
at java.base/java.lang.reflect.Constructor.newInstanceWithCaller(Constructor.java:499)
at java.base/java.lang.reflect.Constructor.newInstance(Constructor.java:480)
at org.openqa.selenium.remote.http.W3CHttpResponseCodec.createException(W3CHttpResponseCodec.java:187)
at org.openqa.selenium.remote.http.W3CHttpResponseCodec.decode(W3CHttpResponseCodec.java:122)
at org.openqa.selenium.remote.http.W3CHttpResponseCodec.decode(W3CHttpResponseCodec.java:49)
at org.openqa.selenium.remote.HttpCommandExecutor.execute(HttpCommandExecutor.java:158)
at org.openqa.selenium.remote.service.DriverCommandExecutor.execute(DriverCommandExecutor.java:83)
at org.openqa.selenium.remote.RemoteWebDriver.execute(RemoteWebDriver.java:552)
at org.openqa.selenium.remote.RemoteWebElement.execute(RemoteWebElement.java:285)
at org.openqa.selenium.remote.RemoteWebElement.click(RemoteWebElement.java:84)
at performer.MethodsPOM.SupportTicket(MethodsPOM.java:3916)
at auditor.AuditorcountStatutory.SupportTicket(AuditorcountStatutory.java:2339)
at java.base/jdk.internal.reflect.NativeMethodAccessorImpl.invoke0(Native Method)
at java.base/jdk.internal.reflect.NativeMethodAccessorImpl.invoke(NativeMethodAccessorImpl.java:77)
at java.base/jdk.internal.reflect.DelegatingMethodAccessorImpl.invoke(DelegatingMethodAccessorImpl.java:43)
at java.base/java.lang.reflect.Method.invoke(Method.java:568)
at org.testng.internal.MethodInvocationHelper.invokeMethod(MethodInvocationHelper.java:133)
at org.testng.internal.TestInvoker.invokeMethod(TestInvoker.java:598)
at org.testng.internal.TestInvoker.invokeTestMethod(TestInvoker.java:173)
at org.testng.internal.MethodRunner.runInSequence(MethodRunner.java:46)
at org.testng.internal.TestInvoker$MethodInvocationAgent.invoke(TestInvoker.java:824)
at org.testng.internal.TestInvoker.invokeTestMethods(TestInvoker.java:146)
at org.testng.internal.TestMethodWorker.invokeTestMethods(TestMethodWorker.java:146)
at org.testng.internal.TestMethodWorker.run(TestMethodWorker.java:128)
at java.base/java.util.ArrayList.forEach(ArrayList.java:1511)
at org.testng.TestRunner.privateRun(TestRunner.java:794)
at org.testng.TestRunner.run(TestRunner.java:596)
at org.testng.SuiteRunner.runTest(SuiteRunner.java:377)
at org.testng.SuiteRunner.runSequentially(SuiteRunner.java:371)
at org.testng.SuiteRunner.privateRun(SuiteRunner.java:332)
at org.testng.SuiteRunner.run(SuiteRunner.java:276)
at org.testng.SuiteRunnerWorker.runSuite(SuiteRunnerWorker.java:53)
at org.testng.SuiteRunnerWorker.run(SuiteRunnerWorker.java:96)
at org.testng.TestNG.runSuitesSequentially(TestNG.java:1212)
at org.testng.TestNG.runSuitesLocally(TestNG.java:1134)
at org.testng.TestNG.runSuites(TestNG.java:1063)
at org.testng.TestNG.run(TestNG.java:1031)
at org.testng.remote.AbstractRemoteTestNG.run(AbstractRemoteTestNG.java:115)
at org.testng.remote.RemoteTestNG.initAndRun(RemoteTestNG.java:251)
at org.testng.remote.RemoteTestNG.main(RemoteTestNG.java:77)
]]>
    </error>
  </testcase> <!-- SupportTicket -->
  <system-out/>
</testsuite> <!-- auditor.AuditorcountStatutory -->
