<?xml version="1.0" encoding="UTF-8"?>
<!-- Generated by org.testng.reporters.JUnitReportReporter -->
<testsuite hostname="DESKTOP-J8VA1KP" failures="0" tests="4" name="researchReviewer.RRTestCase" time="146.790" errors="0" timestamp="2023-03-29T13:18:55 IST" skipped="0">
  <testcase classname="researchReviewer.RRTestCase" name="Login" time="10.085"/>
  <system-out/>
  <testcase classname="researchReviewer.RRTestCase" name="ActAddNew" time="78.785"/>
  <system-out/>
  <testcase classname="researchReviewer.RRTestCase" name="Actupdate" time="38.652"/>
  <system-out/>
  <testcase classname="researchReviewer.RRTestCase" name="ActDelete" time="19.268"/>
  <system-out/>
</testsuite> <!-- researchReviewer.RRTestCase -->
