<?xml version="1.0" encoding="UTF-8"?>
<!-- Generated by org.testng.reporters.JUnitReportReporter -->
<testsuite hostname="DESKTOP-J8VA1KP" failures="0" tests="19" name="management.MgmtTestCountTwo" time="1981.097" errors="0" timestamp="2023-02-01T13:55:30 IST" skipped="0">
  <testcase classname="management.MgmtTestCountTwo" name="Login" time="19.747"/>
  <system-out/>
  <testcase classname="management.MgmtTestCountTwo" name="RiskSummaryCriticalStatutory" time="111.825"/>
  <system-out/>
  <testcase classname="management.MgmtTestCountTwo" name="RiskSummaryHighStatutory" time="146.911"/>
  <system-out/>
  <testcase classname="management.MgmtTestCountTwo" name="RiskSummaryMediumStatutory" time="148.687"/>
  <system-out/>
  <testcase classname="management.MgmtTestCountTwo" name="RiskSummaryLowStatutory" time="112.292"/>
  <system-out/>
  <testcase classname="management.MgmtTestCountTwo" name="DepartmentSummaryHumanResourceStatutory" time="60.941"/>
  <system-out/>
  <testcase classname="management.MgmtTestCountTwo" name="NotCompleted_PieChartPeriod" time="132.587"/>
  <system-out/>
  <testcase classname="management.MgmtTestCountTwo" name="ClosedDelayed_PieChartPeriod" time="186.638"/>
  <system-out/>
  <testcase classname="management.MgmtTestCountTwo" name="ClosedTimely_PieChartPeriod" time="189.579"/>
  <system-out/>
  <testcase classname="management.MgmtTestCountTwo" name="NotApplicable_PieChartPeriod" time="183.651"/>
  <system-out/>
  <testcase classname="management.MgmtTestCountTwo" name="Overdue_PieChartPeriod" time="134.878"/>
  <system-out/>
  <testcase classname="management.MgmtTestCountTwo" name="dueToday_PieChartPeriod" time="42.192"/>
  <system-out/>
  <testcase classname="management.MgmtTestCountTwo" name="pendingForReview_PieChartPeriod" time="139.476"/>
  <system-out/>
  <testcase classname="management.MgmtTestCountTwo" name="rejected_PieChartPeriod" time="139.939"/>
  <system-out/>
  <testcase classname="management.MgmtTestCountTwo" name="PenaltySummaryStatutory" time="74.384"/>
  <system-out/>
  <testcase classname="management.MgmtTestCountTwo" name="GradingReportStatutory" time="32.851"/>
  <system-out/>
  <testcase classname="management.MgmtTestCountTwo" name="complianceCalendar" time="68.639"/>
  <system-out/>
  <testcase classname="management.MgmtTestCountTwo" name="DailyUpdates" time="37.206"/>
  <system-out/>
  <testcase classname="management.MgmtTestCountTwo" name="NewsLetter" time="18.674"/>
  <system-out/>
</testsuite> <!-- management.MgmtTestCountTwo -->
