<?xml version="1.0" encoding="UTF-8"?>
<!-- Generated by org.testng.reporters.JUnitReportReporter -->
<testsuite hostname="DESKTOP-J8VA1KP" failures="0" tests="2" name="complianceCertificateOfficer.ComplianceCertificateOfficerTest" time="73.465" errors="0" timestamp="2023-02-20T15:27:25 IST" skipped="0">
  <testcase classname="complianceCertificateOfficer.ComplianceCertificateOfficerTest" name="Login" time="18.686"/>
  <system-out/>
  <testcase classname="complianceCertificateOfficer.ComplianceCertificateOfficerTest" name="CertificatePerformerUser" time="54.779"/>
  <system-out/>
</testsuite> <!-- complianceCertificateOfficer.ComplianceCertificateOfficerTest -->
