<?xml version="1.0" encoding="UTF-8"?>
<!-- Generated by org.testng.reporters.JUnitReportReporter -->
<testsuite hostname="DESKTOP-J8VA1KP" failures="0" tests="2" name="cfo.Mgmt" time="270.530" errors="0" timestamp="2023-03-10T17:00:12 IST" skipped="0">
  <testcase classname="cfo.Mgmt" name="Login" time="24.226"/>
  <system-out/>
  <testcase classname="cfo.Mgmt" name="DepartmentSummaryHumanResourceStatutory" time="246.304"/>
  <system-out/>
</testsuite> <!-- cfo.Mgmt -->
