<?xml version="1.0" encoding="UTF-8"?>
<!-- Generated by org.testng.reporters.JUnitReportReporter -->
<testsuite hostname="DESKTOP-J8VA1KP" failures="0" tests="22" name="approval.ApprovalcountStatutory" time="1588.738" errors="0" timestamp="2023-03-06T17:54:06 IST" skipped="0">
  <testcase classname="approval.ApprovalcountStatutory" name="Login" time="22.108"/>
  <system-out/>
  <testcase classname="approval.ApprovalcountStatutory" name="CategoriesCountMatch" time="81.388"/>
  <system-out/>
  <testcase classname="approval.ApprovalcountStatutory" name="UniqueCompliancesCountMatch" time="19.736"/>
  <system-out/>
  <testcase classname="approval.ApprovalcountStatutory" name="TotalCompliancesCountMatch" time="19.198"/>
  <system-out/>
  <testcase classname="approval.ApprovalcountStatutory" name="UsersCountMatch" time="26.630"/>
  <system-out/>
  <testcase classname="approval.ApprovalcountStatutory" name="SummaryofOverdueCompliances" time="36.120"/>
  <system-out/>
  <testcase classname="approval.ApprovalcountStatutory" name="NotCompleted_PieChart" time="126.357"/>
  <system-out/>
  <testcase classname="approval.ApprovalcountStatutory" name="ClosedDelayed_PieChart" time="137.482"/>
  <system-out/>
  <testcase classname="approval.ApprovalcountStatutory" name="ClosedTimely_PieChart" time="135.506"/>
  <system-out/>
  <testcase classname="approval.ApprovalcountStatutory" name="Overdue_PieChart" time="131.355"/>
  <system-out/>
  <testcase classname="approval.ApprovalcountStatutory" name="pendingForReview_PieChart" time="139.572"/>
  <system-out/>
  <testcase classname="approval.ApprovalcountStatutory" name="rejected_PieChart" time="139.588"/>
  <system-out/>
  <testcase classname="approval.ApprovalcountStatutory" name="RiskSummaryHighStatutory" time="121.679"/>
  <system-out/>
  <testcase classname="approval.ApprovalcountStatutory" name="DepartmentSummaryAccountStatutory" time="119.621"/>
  <system-out/>
  <testcase classname="approval.ApprovalcountStatutory" name="NotCompleted_PieChartPeriod" time="44.070"/>
  <system-out/>
  <testcase classname="approval.ApprovalcountStatutory" name="ClosedTimely_PieChartPeriod" time="50.297"/>
  <system-out/>
  <testcase classname="approval.ApprovalcountStatutory" name="Overdue_PieChartPeriod" time="45.999"/>
  <system-out/>
  <testcase classname="approval.ApprovalcountStatutory" name="pendingForReview_PieChartPeriod" time="51.808"/>
  <system-out/>
  <testcase classname="approval.ApprovalcountStatutory" name="GradingReportStatutory" time="29.781"/>
  <system-out/>
  <testcase classname="approval.ApprovalcountStatutory" name="complianceCalendar" time="61.475"/>
  <system-out/>
  <testcase classname="approval.ApprovalcountStatutory" name="DailyUpdates" time="34.845"/>
  <system-out/>
  <testcase classname="approval.ApprovalcountStatutory" name="NewsLetter" time="14.123"/>
  <system-out/>
</testsuite> <!-- approval.ApprovalcountStatutory -->
