<?xml version="1.0" encoding="UTF-8"?>
<!-- Generated by org.testng.reporters.JUnitReportReporter -->
<testsuite hostname="DESKTOP-J8VA1KP" failures="0" tests="2" name="implementation.ImplementCount" time="42.348" errors="0" timestamp="2023-02-10T12:51:45 IST" skipped="0">
  <testcase classname="implementation.ImplementCount" name="Login" time="6.974"/>
  <system-out/>
  <testcase classname="implementation.ImplementCount" name="PreviousComplianceDepartmentMapping" time="35.374"/>
  <system-out/>
</testsuite> <!-- implementation.ImplementCount -->
