<?xml version="1.0" encoding="UTF-8"?>
<!-- Generated by org.testng.reporters.JUnitReportReporter -->
<testsuite hostname="DESKTOP-J8VA1KP" failures="0" tests="5" name="departmentHead.DeptcountInternal" time="865.339" errors="0" timestamp="2023-02-22T12:01:00 IST" skipped="0">
  <testcase classname="departmentHead.DeptcountInternal" name="Login" time="51.214"/>
  <system-out/>
  <testcase classname="departmentHead.DeptcountInternal" name="ClosedTimely_PieChart" time="209.893"/>
  <system-out/>
  <testcase classname="departmentHead.DeptcountInternal" name="ClosedDelayed_PieChart" time="204.569"/>
  <system-out/>
  <testcase classname="departmentHead.DeptcountInternal" name="NotCompleted_PieChart" time="194.963"/>
  <system-out/>
  <testcase classname="departmentHead.DeptcountInternal" name="NotApplicable_PieChartIN" time="204.700"/>
  <system-out/>
</testsuite> <!-- departmentHead.DeptcountInternal -->
