<?xml version="1.0" encoding="UTF-8"?>
<!-- Generated by org.testng.reporters.JUnitReportReporter -->
<testsuite hostname="DESKTOP-J8VA1KP" failures="0" tests="2" name="departmentHead.DeptcountInternal" time="106.822" errors="0" timestamp="2023-03-23T12:55:11 IST" skipped="0">
  <testcase classname="departmentHead.DeptcountInternal" name="Login" time="48.304"/>
  <system-out/>
  <testcase classname="departmentHead.DeptcountInternal" name="RiskSummaryMediumInternal" time="58.518"/>
  <system-out/>
</testsuite> <!-- departmentHead.DeptcountInternal -->
