<?xml version="1.0" encoding="UTF-8"?>
<!-- Generated by org.testng.reporters.JUnitReportReporter -->
<testsuite hostname="DESKTOP-J8VA1KP" failures="0" tests="3" name="implementation.ImplementCount" time="85.235" errors="0" timestamp="2023-01-30T17:31:41 IST" skipped="0">
  <testcase classname="implementation.ImplementCount" name="Login" time="9.985"/>
  <system-out/>
  <testcase classname="implementation.ImplementCount" name="IntermediateCheckList" time="34.516"/>
  <system-out/>
  <testcase classname="implementation.ImplementCount" name="ActivateCheckList" time="40.734"/>
  <system-out/>
</testsuite> <!-- implementation.ImplementCount -->
