<?xml version="1.0" encoding="UTF-8"?>
<!-- Generated by org.testng.reporters.JUnitReportReporter -->
<testsuite hostname="DESKTOP-J8VA1KP" failures="0" tests="3" name="implementation.ImplementCount" time="190.941" errors="0" timestamp="2023-01-19T16:00:31 IST" skipped="0">
  <testcase classname="implementation.ImplementCount" name="Login" time="33.173"/>
  <system-out/>
  <testcase classname="implementation.ImplementCount" name="SubEntity" time="102.817"/>
  <system-out/>
  <testcase classname="implementation.ImplementCount" name="Department" time="54.951"/>
  <system-out/>
</testsuite> <!-- implementation.ImplementCount -->
