<?xml version="1.0" encoding="UTF-8"?>
<!-- Generated by org.testng.reporters.JUnitReportReporter -->
<testsuite hostname="DESKTOP-J8VA1KP" failures="0" tests="35" name="cfo.CFOcountInternal" time="2452.850" errors="0" timestamp="2023-02-08T16:46:04 IST" skipped="0">
  <testcase classname="cfo.CFOcountInternal" name="Login" time="40.314"/>
  <system-out/>
  <testcase classname="cfo.CFOcountInternal" name="clickCategoriesInternal" time="47.558"/>
  <system-out/>
  <testcase classname="cfo.CFOcountInternal" name="ClickCompliancesInternal" time="13.841"/>
  <system-out/>
  <testcase classname="cfo.CFOcountInternal" name="clickUsersInternal" time="18.136"/>
  <system-out/>
  <testcase classname="cfo.CFOcountInternal" name="SummaryofOverdueCompliances" time="37.203"/>
  <system-out/>
  <testcase classname="cfo.CFOcountInternal" name="ClosedTimely_PieChart" time="54.221"/>
  <system-out/>
  <testcase classname="cfo.CFOcountInternal" name="ClosedDelayed_PieChart" time="82.398"/>
  <system-out/>
  <testcase classname="cfo.CFOcountInternal" name="NotCompleted_PieChart" time="89.306"/>
  <system-out/>
  <testcase classname="cfo.CFOcountInternal" name="Overdue_PieChartInternal" time="102.623"/>
  <system-out/>
  <testcase classname="cfo.CFOcountInternal" name="PFR_PieChartInternal" time="157.602"/>
  <system-out/>
  <testcase classname="cfo.CFOcountInternal" name="Rejected_PieChartInternal" time="68.912"/>
  <system-out/>
  <testcase classname="cfo.CFOcountInternal" name="BargraphBSEHighStatutory" time="105.003"/>
  <system-out/>
  <testcase classname="cfo.CFOcountInternal" name="BargraphBSEMediumStatutory" time="94.389"/>
  <system-out/>
  <testcase classname="cfo.CFOcountInternal" name="BargraphBSELowStatutory" time="79.814"/>
  <system-out/>
  <testcase classname="cfo.CFOcountInternal" name="RiskSummaryHighInternal" time="81.024"/>
  <system-out/>
  <testcase classname="cfo.CFOcountInternal" name="RiskSummaryMediumStatutory" time="82.655"/>
  <system-out/>
  <testcase classname="cfo.CFOcountInternal" name="RiskSummaryLowStatutory" time="82.441"/>
  <system-out/>
  <testcase classname="cfo.CFOcountInternal" name="DepartmentSummaryInternal" time="140.799"/>
  <system-out/>
  <testcase classname="cfo.CFOcountInternal" name="ClosedTimely_PieChartPeriod" time="46.381"/>
  <system-out/>
  <testcase classname="cfo.CFOcountInternal" name="ClosedDelayed_PieChartPeriod" time="46.706"/>
  <system-out/>
  <testcase classname="cfo.CFOcountInternal" name="NotCompleted_PieChartPeriod" time="94.752"/>
  <system-out/>
  <testcase classname="cfo.CFOcountInternal" name="Overdue_PieChartInternalPeriod" time="111.302"/>
  <system-out/>
  <testcase classname="cfo.CFOcountInternal" name="PFR_PieChartInternalPeriod" time="83.940"/>
  <system-out/>
  <testcase classname="cfo.CFOcountInternal" name="Rejected_PieChartInternalPeriod" time="58.242"/>
  <system-out/>
  <testcase classname="cfo.CFOcountInternal" name="GradingReportInternal" time="15.684"/>
  <system-out/>
  <testcase classname="cfo.CFOcountInternal" name="complianceCalendar" time="113.062"/>
  <system-out/>
  <testcase classname="cfo.CFOcountInternal" name="DailyUpdates" time="46.372"/>
  <system-out/>
  <testcase classname="cfo.CFOcountInternal" name="NewsLetter" time="39.188"/>
  <system-out/>
  <testcase classname="cfo.CFOcountInternal" name="StandardReportOverallIN" time="59.625"/>
  <system-out/>
  <testcase classname="cfo.CFOcountInternal" name="StandardReportLocationIN" time="63.175"/>
  <system-out/>
  <testcase classname="cfo.CFOcountInternal" name="StandardReportUserIn" time="59.634"/>
  <system-out/>
  <testcase classname="cfo.CFOcountInternal" name="StandardReportCategoryIn" time="66.286"/>
  <system-out/>
  <testcase classname="cfo.CFOcountInternal" name="StandardReportRiskIN" time="59.628"/>
  <system-out/>
  <testcase classname="cfo.CFOcountInternal" name="StandardReportDetailedIN" time="50.352"/>
  <system-out/>
  <testcase classname="cfo.CFOcountInternal" name="StandardReportCriticalRiskIN" time="60.282"/>
  <system-out/>
</testsuite> <!-- cfo.CFOcountInternal -->
