<?xml version="1.0" encoding="UTF-8"?>
<!-- Generated by org.testng.reporters.JUnitReportReporter -->
<testsuite hostname="DESKTOP-J8VA1KP" failures="0" tests="5" name="cfo.MgmtAvantis" time="419.334" errors="0" timestamp="2023-01-25T13:57:40 IST" skipped="0">
  <testcase classname="cfo.MgmtAvantis" name="Login" time="24.377"/>
  <system-out/>
  <testcase classname="cfo.MgmtAvantis" name="MyTaskStatutory" time="110.834"/>
  <system-out/>
  <testcase classname="cfo.MgmtAvantis" name="myTaskSubTaskSta" time="90.347"/>
  <system-out/>
  <testcase classname="cfo.MgmtAvantis" name="MyTaskInternal" time="106.624"/>
  <system-out/>
  <testcase classname="cfo.MgmtAvantis" name="MyTaskSTInternal" time="87.152"/>
  <system-out/>
</testsuite> <!-- cfo.MgmtAvantis -->
