<?xml version="1.0" encoding="UTF-8"?>
<!-- Generated by org.testng.reporters.JUnitReportReporter -->
<testsuite hostname="DESKTOP-J8VA1KP" failures="0" tests="27" name="approval.ApprovalcountStatutory" time="1689.382" errors="0" timestamp="2023-02-27T18:29:05 IST" skipped="0">
  <testcase classname="approval.ApprovalcountStatutory" name="Login" time="27.809"/>
  <system-out/>
  <testcase classname="approval.ApprovalcountStatutory" name="StandardReportOverall" time="53.410"/>
  <system-out/>
  <testcase classname="approval.ApprovalcountStatutory" name="StandardReportLocation" time="54.418"/>
  <system-out/>
  <testcase classname="approval.ApprovalcountStatutory" name="StandardReportUser" time="53.368"/>
  <system-out/>
  <testcase classname="approval.ApprovalcountStatutory" name="StandardReportCategory" time="53.885"/>
  <system-out/>
  <testcase classname="approval.ApprovalcountStatutory" name="StandardReportRisk" time="55.177"/>
  <system-out/>
  <testcase classname="approval.ApprovalcountStatutory" name="StandardReportDetailed" time="40.951"/>
  <system-out/>
  <testcase classname="approval.ApprovalcountStatutory" name="StandardReportCriticalRisk" time="53.325"/>
  <system-out/>
  <testcase classname="approval.ApprovalcountStatutory" name="StandardReportDepartment" time="42.630"/>
  <system-out/>
  <testcase classname="approval.ApprovalcountStatutory" name="StandardReportOverallIN" time="56.072"/>
  <system-out/>
  <testcase classname="approval.ApprovalcountStatutory" name="StandardReportLocationIN" time="56.855"/>
  <system-out/>
  <testcase classname="approval.ApprovalcountStatutory" name="StandardReportUserIn" time="57.147"/>
  <system-out/>
  <testcase classname="approval.ApprovalcountStatutory" name="StandardReportCategoryIn" time="62.750"/>
  <system-out/>
  <testcase classname="approval.ApprovalcountStatutory" name="StandardReportRiskIN" time="56.771"/>
  <system-out/>
  <testcase classname="approval.ApprovalcountStatutory" name="StandardReportDetailedIN" time="48.417"/>
  <system-out/>
  <testcase classname="approval.ApprovalcountStatutory" name="StandardReportCriticalRiskIN" time="57.007"/>
  <system-out/>
  <testcase classname="approval.ApprovalcountStatutory" name="StandardReportDepartmentIN" time="44.249"/>
  <system-out/>
  <testcase classname="approval.ApprovalcountStatutory" name="DetailedReport" time="139.648"/>
  <system-out/>
  <testcase classname="approval.ApprovalcountStatutory" name="DetailedReportIn" time="188.893"/>
  <system-out/>
  <testcase classname="approval.ApprovalcountStatutory" name="AssignmentReport" time="40.002"/>
  <system-out/>
  <testcase classname="approval.ApprovalcountStatutory" name="ComplianceRepository" time="33.869"/>
  <system-out/>
  <testcase classname="approval.ApprovalcountStatutory" name="ComplianceDocuments" time="134.561"/>
  <system-out/>
  <testcase classname="approval.ApprovalcountStatutory" name="ComplianceDocumentsIN" time="138.147"/>
  <system-out/>
  <testcase classname="approval.ApprovalcountStatutory" name="CriticalDocuments" time="58.509"/>
  <system-out/>
  <testcase classname="approval.ApprovalcountStatutory" name="ActDocuments" time="42.773"/>
  <system-out/>
  <testcase classname="approval.ApprovalcountStatutory" name="InternalMsg" time="23.191"/>
  <system-out/>
  <testcase classname="approval.ApprovalcountStatutory" name="SupportTicket" time="15.548"/>
  <system-out/>
</testsuite> <!-- approval.ApprovalcountStatutory -->
