<?xml version="1.0" encoding="UTF-8"?>
<!-- Generated by org.testng.reporters.JUnitReportReporter -->
<testsuite hostname="DESKTOP-J8VA1KP" failures="0" tests="15" name="cfo.CFOcountInternal" time="1730.834" errors="0" timestamp="2023-02-19T22:29:06 IST" skipped="0">
  <testcase classname="cfo.CFOcountInternal" name="Login" time="30.723"/>
  <system-out/>
  <testcase classname="cfo.CFOcountInternal" name="RiskSummaryCriticalInternal" time="45.438"/>
  <system-out/>
  <testcase classname="cfo.CFOcountInternal" name="RiskSummaryHighInternal" time="35.566"/>
  <system-out/>
  <testcase classname="cfo.CFOcountInternal" name="RiskSummaryMediumStatutory" time="35.299"/>
  <system-out/>
  <testcase classname="cfo.CFOcountInternal" name="RiskSummaryLowStatutory" time="35.951"/>
  <system-out/>
  <testcase classname="cfo.CFOcountInternal" name="ClosedTimely_PieChartPeriod" time="254.502"/>
  <system-out/>
  <testcase classname="cfo.CFOcountInternal" name="ClosedDelayed_PieChartPeriod" time="215.540"/>
  <system-out/>
  <testcase classname="cfo.CFOcountInternal" name="NotCompleted_PieChartPeriod" time="198.029"/>
  <system-out/>
  <testcase classname="cfo.CFOcountInternal" name="Overdue_PieChartInternalPeriod" time="208.515"/>
  <system-out/>
  <testcase classname="cfo.CFOcountInternal" name="PFR_PieChartInternalPeriod" time="248.396"/>
  <system-out/>
  <testcase classname="cfo.CFOcountInternal" name="Rejected_PieChartInternalPeriod" time="233.210"/>
  <system-out/>
  <testcase classname="cfo.CFOcountInternal" name="GradingReportInternal" time="31.526"/>
  <system-out/>
  <testcase classname="cfo.CFOcountInternal" name="complianceCalendar" time="67.597"/>
  <system-out/>
  <testcase classname="cfo.CFOcountInternal" name="DailyUpdates" time="51.397"/>
  <system-out/>
  <testcase classname="cfo.CFOcountInternal" name="NewsLetter" time="39.145"/>
  <system-out/>
</testsuite> <!-- cfo.CFOcountInternal -->
