<?xml version="1.0" encoding="UTF-8"?>
<!-- Generated by org.testng.reporters.JUnitReportReporter -->
<testsuite hostname="DESKTOP-J8VA1KP" failures="0" tests="5" name="complianceCertificateOwner.CertificateOwnerTest" time="124.740" errors="0" timestamp="2023-02-17T13:11:33 IST" skipped="0">
  <testcase classname="complianceCertificateOwner.CertificateOwnerTest" name="Login" time="16.961"/>
  <system-out/>
  <testcase classname="complianceCertificateOwner.CertificateOwnerTest" name="CustomersCreate" time="39.841"/>
  <system-out/>
  <testcase classname="complianceCertificateOwner.CertificateOwnerTest" name="CertificateOwnerParticularPeriod" time="22.007"/>
  <system-out/>
  <testcase classname="complianceCertificateOwner.CertificateOwnerTest" name="CertificateOwnerParticularPeriodCompliance" time="18.747"/>
  <system-out/>
  <testcase classname="complianceCertificateOwner.CertificateOwnerTest" name="CertificateOwnerReviewer" time="27.184"/>
  <system-out/>
</testsuite> <!-- complianceCertificateOwner.CertificateOwnerTest -->
