<?xml version="1.0" encoding="UTF-8"?>
<!-- Generated by org.testng.reporters.JUnitReportReporter -->
<testsuite skipped="0" hostname="LAPTOP-TBA24BB5" name="departmentHead.DeptcountStatutory" tests="2" failures="0" timestamp="2023-01-12T16:40:59 IST" time="96.607" errors="0">
  <testcase name="Login" time="54.983" classname="departmentHead.DeptcountStatutory"/>
  <system-out/>
  <testcase name="SummaryofOverdueCompliances" time="41.624" classname="departmentHead.DeptcountStatutory"/>
  <system-out/>
</testsuite> <!-- departmentHead.DeptcountStatutory -->
