<?xml version="1.0" encoding="UTF-8"?>
<!-- Generated by org.testng.reporters.JUnitReportReporter -->
<testsuite hostname="DESKTOP-J8VA1KP" failures="0" tests="16" name="approval.ApprovalcountInternal" time="733.501" errors="0" timestamp="2023-02-28T18:30:07 IST" skipped="0">
  <testcase classname="approval.ApprovalcountInternal" name="Login" time="47.364"/>
  <system-out/>
  <testcase classname="approval.ApprovalcountInternal" name="ClickCompliancesInternal" time="13.210"/>
  <system-out/>
  <testcase classname="approval.ApprovalcountInternal" name="clickUsersInternal" time="18.695"/>
  <system-out/>
  <testcase classname="approval.ApprovalcountInternal" name="SummaryofOverdueCompliances" time="36.144"/>
  <system-out/>
  <testcase classname="approval.ApprovalcountInternal" name="NotCompleted_PieChart" time="32.100"/>
  <system-out/>
  <testcase classname="approval.ApprovalcountInternal" name="Overdue_PieChartInternal" time="36.855"/>
  <system-out/>
  <testcase classname="approval.ApprovalcountInternal" name="PFR_PieChartInternal" time="69.329"/>
  <system-out/>
  <testcase classname="approval.ApprovalcountInternal" name="Rejected_PieChartInternal" time="59.544"/>
  <system-out/>
  <testcase classname="approval.ApprovalcountInternal" name="DepartmentSummaryInternal" time="69.835"/>
  <system-out/>
  <testcase classname="approval.ApprovalcountInternal" name="NotCompleted_PieChartPeriod" time="39.702"/>
  <system-out/>
  <testcase classname="approval.ApprovalcountInternal" name="Overdue_PieChartInternalPeriod" time="42.305"/>
  <system-out/>
  <testcase classname="approval.ApprovalcountInternal" name="PFR_PieChartInternalPeriod" time="73.780"/>
  <system-out/>
  <testcase classname="approval.ApprovalcountInternal" name="Rejected_PieChartInternalPeriod" time="63.529"/>
  <system-out/>
  <testcase classname="approval.ApprovalcountInternal" name="complianceCalendar" time="62.844"/>
  <system-out/>
  <testcase classname="approval.ApprovalcountInternal" name="DailyUpdates" time="40.056"/>
  <system-out/>
  <testcase classname="approval.ApprovalcountInternal" name="NewsLetter" time="28.209"/>
  <system-out/>
</testsuite> <!-- approval.ApprovalcountInternal -->
