<?xml version="1.0" encoding="UTF-8"?>
<!-- Generated by org.testng.reporters.JUnitReportReporter -->
<testsuite skipped="0" hostname="LAPTOP-TBA24BB5" name="auditor.AuditorcountStatutory" tests="2" failures="0" timestamp="2023-01-11T11:53:04 IST" time="263.837" errors="0">
  <testcase name="Login" time="30.619" classname="auditor.AuditorcountStatutory"/>
  <system-out/>
  <testcase name="DetailedReportIn" time="233.218" classname="auditor.AuditorcountStatutory"/>
  <system-out/>
</testsuite> <!-- auditor.AuditorcountStatutory -->
