<?xml version="1.0" encoding="UTF-8"?>
<!-- Generated by org.testng.reporters.JUnitReportReporter -->
<testsuite hostname="DESKTOP-J8VA1KP" failures="0" tests="17" name="departmentHead.DeptcountStatutory" time="1517.191" errors="0" timestamp="2023-03-02T19:31:34 IST" skipped="0">
  <testcase classname="departmentHead.DeptcountStatutory" name="Login" time="34.992"/>
  <system-out/>
  <testcase classname="departmentHead.DeptcountStatutory" name="NotCompleted_PieChartPeriod" time="200.321"/>
  <system-out/>
  <testcase classname="departmentHead.DeptcountStatutory" name="ClosedTimely_PieChartPeriod" time="183.858"/>
  <system-out/>
  <testcase classname="departmentHead.DeptcountStatutory" name="Overdue_PieChartPeriod" time="216.222"/>
  <system-out/>
  <testcase classname="departmentHead.DeptcountStatutory" name="pendingForReview_PieChartPeriod" time="210.387"/>
  <system-out/>
  <testcase classname="departmentHead.DeptcountStatutory" name="Inprogress_PieChartPeriod" time="86.736"/>
  <system-out/>
  <testcase classname="departmentHead.DeptcountStatutory" name="GradingReportStatutory" time="80.962"/>
  <system-out/>
  <testcase classname="departmentHead.DeptcountStatutory" name="DailyUpdates" time="52.964"/>
  <system-out/>
  <testcase classname="departmentHead.DeptcountStatutory" name="NewsLetterInternal" time="30.017"/>
  <system-out/>
  <testcase classname="departmentHead.DeptcountStatutory" name="ActRepository" time="38.265"/>
  <system-out/>
  <testcase classname="departmentHead.DeptcountStatutory" name="ComplianceDocuments" time="140.170"/>
  <system-out/>
  <testcase classname="departmentHead.DeptcountStatutory" name="CriticalDocuments" time="73.219"/>
  <system-out/>
  <testcase classname="departmentHead.DeptcountStatutory" name="ActDocuments" time="55.140"/>
  <system-out/>
  <testcase classname="departmentHead.DeptcountStatutory" name="MyEscalation" time="36.371"/>
  <system-out/>
  <testcase classname="departmentHead.DeptcountStatutory" name="MessageCenter" time="37.403"/>
  <system-out/>
  <testcase classname="departmentHead.DeptcountStatutory" name="InternalMsg" time="23.921"/>
  <system-out/>
  <testcase classname="departmentHead.DeptcountStatutory" name="SupportTicket" time="16.243"/>
  <system-out/>
</testsuite> <!-- departmentHead.DeptcountStatutory -->
