<?xml version="1.0" encoding="UTF-8"?>
<!-- Generated by org.testng.reporters.JUnitReportReporter -->
<testsuite hostname="DESKTOP-J8VA1KP" failures="0" tests="2" name="implementation.ImplementCount" time="81.354" errors="0" timestamp="2023-02-09T17:33:04 IST" skipped="0">
  <testcase classname="implementation.ImplementCount" name="Login" time="7.815"/>
  <system-out/>
  <testcase classname="implementation.ImplementCount" name="ChangeDueDate" time="73.539"/>
  <system-out/>
</testsuite> <!-- implementation.ImplementCount -->
