<?xml version="1.0" encoding="UTF-8"?>
<!-- Generated by org.testng.reporters.JUnitReportReporter -->
<testsuite hostname="DESKTOP-J8VA1KP" failures="0" tests="2" name="performer.OverdueCount" time="63.355" errors="0" timestamp="2023-03-10T12:46:37 IST" skipped="0">
  <testcase classname="performer.OverdueCount" name="Login" time="19.483"/>
  <system-out/>
  <testcase classname="performer.OverdueCount" name="DashboardRejectInternal" time="43.872"/>
  <system-out/>
</testsuite> <!-- performer.OverdueCount -->
