<?xml version="1.0" encoding="UTF-8"?>
<!-- Generated by org.testng.reporters.JUnitReportReporter -->
<testsuite hostname="DESKTOP-J8VA1KP" failures="0" tests="3" name="auditor.AuditorcountInternal" time="209.125" errors="0" timestamp="2023-03-23T11:11:27 IST" skipped="0">
  <testcase classname="auditor.AuditorcountInternal" name="Login" time="29.767"/>
  <system-out/>
  <testcase classname="auditor.AuditorcountInternal" name="NotApplicable_PieChartIn" time="120.189"/>
  <system-out/>
  <testcase classname="auditor.AuditorcountInternal" name="inProgress_PieChartInternal" time="59.169"/>
  <system-out/>
</testsuite> <!-- auditor.AuditorcountInternal -->
