<?xml version="1.0" encoding="UTF-8"?>
<!-- Generated by org.testng.reporters.JUnitReportReporter -->
<testsuite hostname="DESKTOP-J8VA1KP" failures="0" tests="2" name="implementation.ImplementCount" time="47.660" errors="0" timestamp="2023-02-14T13:35:27 IST" skipped="0">
  <testcase classname="implementation.ImplementCount" name="Login" time="7.953"/>
  <system-out/>
  <testcase classname="implementation.ImplementCount" name="ClientFrequencyMapping" time="39.707"/>
  <system-out/>
</testsuite> <!-- implementation.ImplementCount -->
