<?xml version="1.0" encoding="UTF-8"?>
<!-- Generated by org.testng.reporters.JUnitReportReporter -->
<testsuite hostname="DESKTOP-J8VA1KP" failures="0" tests="43" name="cfo.Mgmt" time="3660.081" errors="0" timestamp="2023-03-16T08:47:30 IST" skipped="0">
  <testcase classname="cfo.Mgmt" name="Login" time="22.188"/>
  <system-out/>
  <testcase classname="cfo.Mgmt" name="RiskSummaryLowStatutory" time="167.412"/>
  <system-out/>
  <testcase classname="cfo.Mgmt" name="DepartmentSummaryHumanResourceStatutory" time="226.003"/>
  <system-out/>
  <testcase classname="cfo.Mgmt" name="NotCompleted_PieChartPeriod" time="204.289"/>
  <system-out/>
  <testcase classname="cfo.Mgmt" name="ClosedDelayed_PieChartPeriod" time="142.137"/>
  <system-out/>
  <testcase classname="cfo.Mgmt" name="ClosedTimely_PieChartPeriod" time="221.415"/>
  <system-out/>
  <testcase classname="cfo.Mgmt" name="NotApplicable_PieChartPeriod" time="104.915"/>
  <system-out/>
  <testcase classname="cfo.Mgmt" name="Overdue_PieChartPeriod" time="211.528"/>
  <system-out/>
  <testcase classname="cfo.Mgmt" name="pendingForReview_PieChartPeriod" time="261.879"/>
  <system-out/>
  <testcase classname="cfo.Mgmt" name="inProgress_PieChartPeriod" time="142.925"/>
  <system-out/>
  <testcase classname="cfo.Mgmt" name="PenaltySummaryStatutory" time="98.926"/>
  <system-out/>
  <testcase classname="cfo.Mgmt" name="rejected_PieChartPeriod" time="185.524"/>
  <system-out/>
  <testcase classname="cfo.Mgmt" name="GradingReportStatutory" time="33.830"/>
  <system-out/>
  <testcase classname="cfo.Mgmt" name="complianceCalendar" time="66.031"/>
  <system-out/>
  <testcase classname="cfo.Mgmt" name="DailyUpdates" time="38.429"/>
  <system-out/>
  <testcase classname="cfo.Mgmt" name="NewsLetter" time="20.575"/>
  <system-out/>
  <testcase classname="cfo.Mgmt" name="StandardReportOverall" time="50.348"/>
  <system-out/>
  <testcase classname="cfo.Mgmt" name="StandardReportLocation" time="48.990"/>
  <system-out/>
  <testcase classname="cfo.Mgmt" name="StandardReportUser" time="49.853"/>
  <system-out/>
  <testcase classname="cfo.Mgmt" name="StandardReportCategory" time="50.228"/>
  <system-out/>
  <testcase classname="cfo.Mgmt" name="StandardReportRisk" time="50.159"/>
  <system-out/>
  <testcase classname="cfo.Mgmt" name="StandardReportDetailed" time="37.782"/>
  <system-out/>
  <testcase classname="cfo.Mgmt" name="StandardReportCriticalRisk" time="50.228"/>
  <system-out/>
  <testcase classname="cfo.Mgmt" name="StandardReportOverallIN" time="52.950"/>
  <system-out/>
  <testcase classname="cfo.Mgmt" name="StandardReportLocationIN" time="52.726"/>
  <system-out/>
  <testcase classname="cfo.Mgmt" name="StandardReportUserIn" time="54.179"/>
  <system-out/>
  <testcase classname="cfo.Mgmt" name="StandardReportCategoryIn" time="58.665"/>
  <system-out/>
  <testcase classname="cfo.Mgmt" name="StandardReportRiskIN" time="53.474"/>
  <system-out/>
  <testcase classname="cfo.Mgmt" name="StandardReportDetailedIN" time="45.002"/>
  <system-out/>
  <testcase classname="cfo.Mgmt" name="StandardReportCriticalRiskIN" time="53.040"/>
  <system-out/>
  <testcase classname="cfo.Mgmt" name="DetailedReport" time="142.029"/>
  <system-out/>
  <testcase classname="cfo.Mgmt" name="DetailedReportIn" time="127.874"/>
  <system-out/>
  <testcase classname="cfo.Mgmt" name="AssignmentReport" time="37.441"/>
  <system-out/>
  <testcase classname="cfo.Mgmt" name="UsageReport" time="28.578"/>
  <system-out/>
  <testcase classname="cfo.Mgmt" name="AuditReport" time="24.658"/>
  <system-out/>
  <testcase classname="cfo.Mgmt" name="ActRepository" time="25.042"/>
  <system-out/>
  <testcase classname="cfo.Mgmt" name="ComplianceDocuments" time="121.709"/>
  <system-out/>
  <testcase classname="cfo.Mgmt" name="ComplianceDocumentsIN" time="132.128"/>
  <system-out/>
  <testcase classname="cfo.Mgmt" name="CriticalDocuments" time="53.758"/>
  <system-out/>
  <testcase classname="cfo.Mgmt" name="ActDocuments" time="43.348"/>
  <system-out/>
  <testcase classname="cfo.Mgmt" name="MyNotifications" time="29.035"/>
  <system-out/>
  <testcase classname="cfo.Mgmt" name="InternalMsg" time="23.233"/>
  <system-out/>
  <testcase classname="cfo.Mgmt" name="SupportTicket" time="15.618"/>
  <system-out/>
</testsuite> <!-- cfo.Mgmt -->
