<?xml version="1.0" encoding="UTF-8"?>
<!-- Generated by org.testng.reporters.JUnitReportReporter -->
<testsuite hostname="DESKTOP-J8VA1KP" failures="0" tests="60" name="cfo.Mgmt" time="1.888" errors="1" timestamp="2023-01-18T10:12:16 IST" skipped="59">
  <testcase classname="cfo.Mgmt" name="setBrowser" time="1.888">
    <error message="&#039;java.lang.String org.apache.commons.io.IOUtils.toString(java.io.InputStream, java.nio.charset.Charset)&#039;" type="java.lang.NoSuchMethodError">
      <![CDATA[java.lang.NoSuchMethodError: 'java.lang.String org.apache.commons.io.IOUtils.toString(java.io.InputStream, java.nio.charset.Charset)'
at io.github.bonigarcia.wdm.versions.VersionDetector.getProperties(VersionDetector.java:302)
at io.github.bonigarcia.wdm.versions.VersionDetector.getBrowserVersionFromTheShell(VersionDetector.java:202)
at io.github.bonigarcia.wdm.WebDriverManager.getBrowserVersionFromTheShell(WebDriverManager.java:1336)
at io.github.bonigarcia.wdm.WebDriverManager.detectBrowserVersion(WebDriverManager.java:1356)
at io.github.bonigarcia.wdm.WebDriverManager.resolveDriverVersion(WebDriverManager.java:1219)
at io.github.bonigarcia.wdm.WebDriverManager.manage(WebDriverManager.java:1169)
at io.github.bonigarcia.wdm.WebDriverManager.setup(WebDriverManager.java:419)
at login.Login.BrowserSetup(Login.java:30)
at cfo.Mgmt.setBrowser(Mgmt.java:74)
at java.base/jdk.internal.reflect.NativeMethodAccessorImpl.invoke0(Native Method)
at java.base/jdk.internal.reflect.NativeMethodAccessorImpl.invoke(NativeMethodAccessorImpl.java:77)
at java.base/jdk.internal.reflect.DelegatingMethodAccessorImpl.invoke(DelegatingMethodAccessorImpl.java:43)
at java.base/java.lang.reflect.Method.invoke(Method.java:568)
at org.testng.internal.MethodInvocationHelper.invokeMethod(MethodInvocationHelper.java:133)
at org.testng.internal.MethodInvocationHelper.invokeMethodConsideringTimeout(MethodInvocationHelper.java:62)
at org.testng.internal.ConfigInvoker.invokeConfigurationMethod(ConfigInvoker.java:385)
at org.testng.internal.ConfigInvoker.invokeConfigurations(ConfigInvoker.java:321)
at org.testng.TestRunner.invokeTestConfigurations(TestRunner.java:637)
at org.testng.TestRunner.beforeRun(TestRunner.java:627)
at org.testng.TestRunner.run(TestRunner.java:589)
at org.testng.SuiteRunner.runTest(SuiteRunner.java:377)
at org.testng.SuiteRunner.runSequentially(SuiteRunner.java:371)
at org.testng.SuiteRunner.privateRun(SuiteRunner.java:332)
at org.testng.SuiteRunner.run(SuiteRunner.java:276)
at org.testng.SuiteRunnerWorker.runSuite(SuiteRunnerWorker.java:53)
at org.testng.SuiteRunnerWorker.run(SuiteRunnerWorker.java:96)
at org.testng.TestNG.runSuitesSequentially(TestNG.java:1212)
at org.testng.TestNG.runSuitesLocally(TestNG.java:1134)
at org.testng.TestNG.runSuites(TestNG.java:1063)
at org.testng.TestNG.run(TestNG.java:1031)
at org.testng.remote.AbstractRemoteTestNG.run(AbstractRemoteTestNG.java:115)
at org.testng.remote.RemoteTestNG.initAndRun(RemoteTestNG.java:251)
at org.testng.remote.RemoteTestNG.main(RemoteTestNG.java:77)
]]>
    </error>
  </testcase> <!-- setBrowser -->
  <system-out/>
  <testcase classname="cfo.Mgmt" name="Login" time="0.000">
    <skipped/>
  </testcase> <!-- Login -->
  <system-out/>
  <testcase classname="cfo.Mgmt" name="CategoriesCountMatch" time="0.000">
    <skipped/>
  </testcase> <!-- CategoriesCountMatch -->
  <system-out/>
  <testcase classname="cfo.Mgmt" name="CompliancesCountMatch" time="0.000">
    <skipped/>
  </testcase> <!-- CompliancesCountMatch -->
  <system-out/>
  <testcase classname="cfo.Mgmt" name="UsersCountMatch" time="0.000">
    <skipped/>
  </testcase> <!-- UsersCountMatch -->
  <system-out/>
  <testcase classname="cfo.Mgmt" name="clickPenaltyStatutory" time="0.000">
    <skipped/>
  </testcase> <!-- clickPenaltyStatutory -->
  <system-out/>
  <testcase classname="cfo.Mgmt" name="SummaryofOverdueCompliances" time="0.000">
    <skipped/>
  </testcase> <!-- SummaryofOverdueCompliances -->
  <system-out/>
  <testcase classname="cfo.Mgmt" name="NotCompleted_PieChart" time="0.000">
    <skipped/>
  </testcase> <!-- NotCompleted_PieChart -->
  <system-out/>
  <testcase classname="cfo.Mgmt" name="ClosedDelayed_PieChart" time="0.000">
    <skipped/>
  </testcase> <!-- ClosedDelayed_PieChart -->
  <system-out/>
  <testcase classname="cfo.Mgmt" name="ClosedTimely_PieChart" time="0.000">
    <skipped/>
  </testcase> <!-- ClosedTimely_PieChart -->
  <system-out/>
  <testcase classname="cfo.Mgmt" name="NotApplicable_PieChart" time="0.000">
    <skipped/>
  </testcase> <!-- NotApplicable_PieChart -->
  <system-out/>
  <testcase classname="cfo.Mgmt" name="Overdue_PieChart" time="0.000">
    <skipped/>
  </testcase> <!-- Overdue_PieChart -->
  <system-out/>
  <testcase classname="cfo.Mgmt" name="dueToday_PieChart" time="0.000">
    <skipped/>
  </testcase> <!-- dueToday_PieChart -->
  <system-out/>
  <testcase classname="cfo.Mgmt" name="pendingForReview_PieChart" time="0.000">
    <skipped/>
  </testcase> <!-- pendingForReview_PieChart -->
  <system-out/>
  <testcase classname="cfo.Mgmt" name="inProgress_PieChart" time="0.000">
    <skipped/>
  </testcase> <!-- inProgress_PieChart -->
  <system-out/>
  <testcase classname="cfo.Mgmt" name="rejected_PieChart" time="0.000">
    <skipped/>
  </testcase> <!-- rejected_PieChart -->
  <system-out/>
  <testcase classname="cfo.Mgmt" name="BargraphIndustrySpeCriticalStatutory" time="0.000">
    <skipped/>
  </testcase> <!-- BargraphIndustrySpeCriticalStatutory -->
  <system-out/>
  <testcase classname="cfo.Mgmt" name="BargraphIndustrySpeHighStatutory" time="0.000">
    <skipped/>
  </testcase> <!-- BargraphIndustrySpeHighStatutory -->
  <system-out/>
  <testcase classname="cfo.Mgmt" name="RiskSummaryCriticalStatutory" time="0.000">
    <skipped/>
  </testcase> <!-- RiskSummaryCriticalStatutory -->
  <system-out/>
  <testcase classname="cfo.Mgmt" name="RiskSummaryHighStatutory" time="0.000">
    <skipped/>
  </testcase> <!-- RiskSummaryHighStatutory -->
  <system-out/>
  <testcase classname="cfo.Mgmt" name="RiskSummaryMediumStatutory" time="0.000">
    <skipped/>
  </testcase> <!-- RiskSummaryMediumStatutory -->
  <system-out/>
  <testcase classname="cfo.Mgmt" name="RiskSummaryLowStatutory" time="0.000">
    <skipped/>
  </testcase> <!-- RiskSummaryLowStatutory -->
  <system-out/>
  <testcase classname="cfo.Mgmt" name="DepartmentSummaryHumanResourceStatutory" time="0.000">
    <skipped/>
  </testcase> <!-- DepartmentSummaryHumanResourceStatutory -->
  <system-out/>
  <testcase classname="cfo.Mgmt" name="NotCompleted_PieChartPeriod" time="0.000">
    <skipped/>
  </testcase> <!-- NotCompleted_PieChartPeriod -->
  <system-out/>
  <testcase classname="cfo.Mgmt" name="ClosedDelayed_PieChartPeriod" time="0.000">
    <skipped/>
  </testcase> <!-- ClosedDelayed_PieChartPeriod -->
  <system-out/>
  <testcase classname="cfo.Mgmt" name="ClosedTimely_PieChartPeriod" time="0.000">
    <skipped/>
  </testcase> <!-- ClosedTimely_PieChartPeriod -->
  <system-out/>
  <testcase classname="cfo.Mgmt" name="Overdue_PieChartPeriod" time="0.000">
    <skipped/>
  </testcase> <!-- Overdue_PieChartPeriod -->
  <system-out/>
  <testcase classname="cfo.Mgmt" name="pendingForReview_PieChartPeriod" time="0.000">
    <skipped/>
  </testcase> <!-- pendingForReview_PieChartPeriod -->
  <system-out/>
  <testcase classname="cfo.Mgmt" name="GradingReportStatutory" time="0.000">
    <skipped/>
  </testcase> <!-- GradingReportStatutory -->
  <system-out/>
  <testcase classname="cfo.Mgmt" name="complianceCalendar" time="0.000">
    <skipped/>
  </testcase> <!-- complianceCalendar -->
  <system-out/>
  <testcase classname="cfo.Mgmt" name="DailyUpdates" time="0.000">
    <skipped/>
  </testcase> <!-- DailyUpdates -->
  <system-out/>
  <testcase classname="cfo.Mgmt" name="NewsLetter" time="0.000">
    <skipped/>
  </testcase> <!-- NewsLetter -->
  <system-out/>
  <testcase classname="cfo.Mgmt" name="StandardReportOverall" time="0.000">
    <skipped/>
  </testcase> <!-- StandardReportOverall -->
  <system-out/>
  <testcase classname="cfo.Mgmt" name="StandardReportLocation" time="0.000">
    <skipped/>
  </testcase> <!-- StandardReportLocation -->
  <system-out/>
  <testcase classname="cfo.Mgmt" name="StandardReportUser" time="0.000">
    <skipped/>
  </testcase> <!-- StandardReportUser -->
  <system-out/>
  <testcase classname="cfo.Mgmt" name="StandardReportCategory" time="0.000">
    <skipped/>
  </testcase> <!-- StandardReportCategory -->
  <system-out/>
  <testcase classname="cfo.Mgmt" name="StandardReportRisk" time="0.000">
    <skipped/>
  </testcase> <!-- StandardReportRisk -->
  <system-out/>
  <testcase classname="cfo.Mgmt" name="StandardReportDetailed" time="0.000">
    <skipped/>
  </testcase> <!-- StandardReportDetailed -->
  <system-out/>
  <testcase classname="cfo.Mgmt" name="StandardReportCriticalRisk" time="0.000">
    <skipped/>
  </testcase> <!-- StandardReportCriticalRisk -->
  <system-out/>
  <testcase classname="cfo.Mgmt" name="StandardReportOverallIN" time="0.000">
    <skipped/>
  </testcase> <!-- StandardReportOverallIN -->
  <system-out/>
  <testcase classname="cfo.Mgmt" name="StandardReportLocationIN" time="0.000">
    <skipped/>
  </testcase> <!-- StandardReportLocationIN -->
  <system-out/>
  <testcase classname="cfo.Mgmt" name="StandardReportUserIn" time="0.000">
    <skipped/>
  </testcase> <!-- StandardReportUserIn -->
  <system-out/>
  <testcase classname="cfo.Mgmt" name="StandardReportCategoryIn" time="0.000">
    <skipped/>
  </testcase> <!-- StandardReportCategoryIn -->
  <system-out/>
  <testcase classname="cfo.Mgmt" name="StandardReportRiskIN" time="0.000">
    <skipped/>
  </testcase> <!-- StandardReportRiskIN -->
  <system-out/>
  <testcase classname="cfo.Mgmt" name="StandardReportDetailedIN" time="0.000">
    <skipped/>
  </testcase> <!-- StandardReportDetailedIN -->
  <system-out/>
  <testcase classname="cfo.Mgmt" name="StandardReportCriticalRiskIN" time="0.000">
    <skipped/>
  </testcase> <!-- StandardReportCriticalRiskIN -->
  <system-out/>
  <testcase classname="cfo.Mgmt" name="DetailedReport" time="0.000">
    <skipped/>
  </testcase> <!-- DetailedReport -->
  <system-out/>
  <testcase classname="cfo.Mgmt" name="DetailedReportIn" time="0.000">
    <skipped/>
  </testcase> <!-- DetailedReportIn -->
  <system-out/>
  <testcase classname="cfo.Mgmt" name="AssignmentReport" time="0.000">
    <skipped/>
  </testcase> <!-- AssignmentReport -->
  <system-out/>
  <testcase classname="cfo.Mgmt" name="UsageReport" time="0.000">
    <skipped/>
  </testcase> <!-- UsageReport -->
  <system-out/>
  <testcase classname="cfo.Mgmt" name="AuditReport" time="0.000">
    <skipped/>
  </testcase> <!-- AuditReport -->
  <system-out/>
  <testcase classname="cfo.Mgmt" name="ActRepository" time="0.000">
    <skipped/>
  </testcase> <!-- ActRepository -->
  <system-out/>
  <testcase classname="cfo.Mgmt" name="ComplianceDocuments" time="0.000">
    <skipped/>
  </testcase> <!-- ComplianceDocuments -->
  <system-out/>
  <testcase classname="cfo.Mgmt" name="ComplianceDocumentsIN" time="0.000">
    <skipped/>
  </testcase> <!-- ComplianceDocumentsIN -->
  <system-out/>
  <testcase classname="cfo.Mgmt" name="CriticalDocuments" time="0.000">
    <skipped/>
  </testcase> <!-- CriticalDocuments -->
  <system-out/>
  <testcase classname="cfo.Mgmt" name="ActDocuments" time="0.000">
    <skipped/>
  </testcase> <!-- ActDocuments -->
  <system-out/>
  <testcase classname="cfo.Mgmt" name="MyEscalation" time="0.000">
    <skipped/>
  </testcase> <!-- MyEscalation -->
  <system-out/>
  <testcase classname="cfo.Mgmt" name="MyNotifications" time="0.000">
    <skipped/>
  </testcase> <!-- MyNotifications -->
  <system-out/>
  <testcase classname="cfo.Mgmt" name="InternalMsg" time="0.000">
    <skipped/>
  </testcase> <!-- InternalMsg -->
  <system-out/>
  <testcase classname="cfo.Mgmt" name="SupportTicket" time="0.000">
    <skipped/>
  </testcase> <!-- SupportTicket -->
  <system-out/>
</testsuite> <!-- cfo.Mgmt -->
