<?xml version="1.0" encoding="UTF-8"?>
<!-- Generated by org.testng.reporters.JUnitReportReporter -->
<testsuite hostname="DESKTOP-J8VA1KP" failures="0" tests="2" name="cfo.CFOcountInternal" time="71.674" errors="0" timestamp="2023-02-14T13:07:31 IST" skipped="0">
  <testcase classname="cfo.CFOcountInternal" name="Login" time="32.703"/>
  <system-out/>
  <testcase classname="cfo.CFOcountInternal" name="RiskSummaryCriticalInternal" time="38.971"/>
  <system-out/>
</testsuite> <!-- cfo.CFOcountInternal -->
