<?xml version="1.0" encoding="UTF-8"?>
<!-- Generated by org.testng.reporters.JUnitReportReporter -->
<testsuite hostname="DESKTOP-J8VA1KP" failures="0" tests="2" name="implementation.ImplementCount" time="31.912" errors="0" timestamp="2023-01-27T19:09:32 IST" skipped="0">
  <testcase classname="implementation.ImplementCount" name="Login" time="9.628"/>
  <system-out/>
  <testcase classname="implementation.ImplementCount" name="InternalAssignmentReport" time="22.284"/>
  <system-out/>
</testsuite> <!-- implementation.ImplementCount -->
