<?xml version="1.0" encoding="UTF-8"?>
<!-- Generated by org.testng.reporters.JUnitReportReporter -->
<testsuite hostname="DESKTOP-J8VA1KP" failures="0" tests="14" name="approval.ApprovalcountStatutory" time="1215.510" errors="0" timestamp="2023-03-21T17:16:19 IST" skipped="0">
  <testcase classname="approval.ApprovalcountStatutory" name="Login" time="25.215"/>
  <system-out/>
  <testcase classname="approval.ApprovalcountStatutory" name="CategoriesCountMatch" time="26.152"/>
  <system-out/>
  <testcase classname="approval.ApprovalcountStatutory" name="UniqueCompliancesCountMatch" time="19.553"/>
  <system-out/>
  <testcase classname="approval.ApprovalcountStatutory" name="TotalCompliancesCountMatch" time="19.218"/>
  <system-out/>
  <testcase classname="approval.ApprovalcountStatutory" name="UsersCountMatch" time="26.611"/>
  <system-out/>
  <testcase classname="approval.ApprovalcountStatutory" name="SummaryofOverdueCompliances" time="39.152"/>
  <system-out/>
  <testcase classname="approval.ApprovalcountStatutory" name="NotCompleted_PieChart" time="128.377"/>
  <system-out/>
  <testcase classname="approval.ApprovalcountStatutory" name="ClosedDelayed_PieChart" time="137.371"/>
  <system-out/>
  <testcase classname="approval.ApprovalcountStatutory" name="ClosedTimely_PieChart" time="134.701"/>
  <system-out/>
  <testcase classname="approval.ApprovalcountStatutory" name="Overdue_PieChart" time="132.870"/>
  <system-out/>
  <testcase classname="approval.ApprovalcountStatutory" name="pendingForReview_PieChart" time="143.391"/>
  <system-out/>
  <testcase classname="approval.ApprovalcountStatutory" name="rejected_PieChart" time="139.891"/>
  <system-out/>
  <testcase classname="approval.ApprovalcountStatutory" name="RiskSummaryHighStatutory" time="122.179"/>
  <system-out/>
  <testcase classname="approval.ApprovalcountStatutory" name="DepartmentSummaryAccountStatutory" time="120.829"/>
  <system-out/>
</testsuite> <!-- approval.ApprovalcountStatutory -->
