<?xml version="1.0" encoding="UTF-8"?>
<!-- Generated by org.testng.reporters.JUnitReportReporter -->
<testsuite hostname="DESKTOP-J8VA1KP" failures="0" tests="3" name="reviewer.ReviewerCount" time="63.047" errors="0" timestamp="2023-03-09T13:26:09 IST" skipped="0">
  <testcase classname="reviewer.ReviewerCount" name="Login" time="26.130"/>
  <system-out/>
  <testcase classname="reviewer.ReviewerCount" name="ReviewCountStatutoryApprove" time="18.949"/>
  <system-out/>
  <testcase classname="reviewer.ReviewerCount" name="ReviewCountInternalApprove" time="17.968"/>
  <system-out/>
</testsuite> <!-- reviewer.ReviewerCount -->
