<?xml version="1.0" encoding="UTF-8"?>
<!-- Generated by org.testng.reporters.JUnitReportReporter -->
<testsuite hostname="DESKTOP-J8VA1KP" failures="0" tests="3" name="implementation.ImplementCount" time="218.932" errors="0" timestamp="2023-01-18T18:55:31 IST" skipped="0">
  <testcase classname="implementation.ImplementCount" name="Login" time="27.104"/>
  <system-out/>
  <testcase classname="implementation.ImplementCount" name="CustomersCreate" time="52.552"/>
  <system-out/>
  <testcase classname="implementation.ImplementCount" name="CustomersAssignment" time="139.276"/>
  <system-out/>
</testsuite> <!-- implementation.ImplementCount -->
