<?xml version="1.0" encoding="UTF-8"?>
<!-- Generated by org.testng.reporters.JUnitReportReporter -->
<testsuite hostname="DESKTOP-J8VA1KP" failures="0" tests="1" name="complianceCertificateMgmt.ComplianceCertificateMgmtTest" time="20.619" errors="0" timestamp="2023-02-20T17:10:05 IST" skipped="0">
  <testcase classname="complianceCertificateMgmt.ComplianceCertificateMgmtTest" name="Login" time="20.619"/>
  <system-out/>
</testsuite> <!-- complianceCertificateMgmt.ComplianceCertificateMgmtTest -->
