<?xml version="1.0" encoding="UTF-8"?>
<!-- Generated by org.testng.reporters.JUnitReportReporter -->
<testsuite hostname="DESKTOP-J8VA1KP" failures="0" tests="2" name="implementation.ImplementCount" time="107.808" errors="0" timestamp="2023-02-16T12:32:26 IST" skipped="0">
  <testcase classname="implementation.ImplementCount" name="Login" time="7.461"/>
  <system-out/>
  <testcase classname="implementation.ImplementCount" name="ComplianceCertificate" time="100.347"/>
  <system-out/>
</testsuite> <!-- implementation.ImplementCount -->
