<?xml version="1.0" encoding="UTF-8"?>
<!-- Generated by org.testng.reporters.JUnitReportReporter -->
<testsuite hostname="DESKTOP-J8VA1KP" failures="0" tests="19" name="management.MgmtTestCountOne" time="1442.931" errors="2" timestamp="2023-02-01T12:10:47 IST" skipped="0">
  <testcase classname="management.MgmtTestCountOne" name="Login" time="20.135"/>
  <system-out/>
  <testcase classname="management.MgmtTestCountOne" name="CategoriesCountMatch" time="38.770"/>
  <system-out/>
  <testcase classname="management.MgmtTestCountOne" name="CompliancesCountMatch" time="18.433"/>
  <system-out/>
  <testcase classname="management.MgmtTestCountOne" name="UsersCountMatch" time="24.676"/>
  <system-out/>
  <testcase classname="management.MgmtTestCountOne" name="clickPenaltyStatutory" time="20.195"/>
  <system-out/>
  <testcase classname="management.MgmtTestCountOne" name="SummaryofOverdueCompliances" time="39.079"/>
  <system-out/>
  <testcase classname="management.MgmtTestCountOne" name="NotCompleted_PieChart" time="111.302"/>
  <system-out/>
  <testcase classname="management.MgmtTestCountOne" name="ClosedDelayed_PieChart" time="180.633"/>
  <system-out/>
  <testcase classname="management.MgmtTestCountOne" name="ClosedTimely_PieChart" time="177.088"/>
  <system-out/>
  <testcase classname="management.MgmtTestCountOne" name="NotApplicable_PieChart" time="181.936"/>
  <system-out/>
  <testcase classname="management.MgmtTestCountOne" name="Overdue_PieChart" time="159.959"/>
  <system-out/>
  <testcase classname="management.MgmtTestCountOne" name="dueToday_PieChart" time="88.281"/>
  <system-out/>
  <testcase classname="management.MgmtTestCountOne" name="pendingForReview_PieChart" time="151.280"/>
  <system-out/>
  <testcase classname="management.MgmtTestCountOne" name="inProgress_PieChart" time="10.239"/>
  <system-out/>
  <testcase classname="management.MgmtTestCountOne" name="rejected_PieChart" time="149.710"/>
  <system-out/>
  <testcase classname="management.MgmtTestCountOne" name="BargraphIndustrySpeCriticalStatutory" time="7.068"/>
  <system-out/>
  <testcase classname="management.MgmtTestCountOne" name="BargraphIndustrySpeHighStatutory" time="55.909"/>
  <system-out/>
  <testcase classname="management.MgmtTestCountOne" name="BargraphIndustrySpeMediumStatutory" time="4.111">
    <error message="For input string: &quot;&quot;" type="java.lang.NumberFormatException">
      <![CDATA[java.lang.NumberFormatException: For input string: ""
at java.base/java.lang.NumberFormatException.forInputString(NumberFormatException.java:67)
at java.base/java.lang.Integer.parseInt(Integer.java:678)
at java.base/java.lang.Integer.parseInt(Integer.java:786)
at management.MgmtTestCountOne.BargraphIndustrySpeMediumStatutory(MgmtTestCountOne.java:1341)
at java.base/jdk.internal.reflect.NativeMethodAccessorImpl.invoke0(Native Method)
at java.base/jdk.internal.reflect.NativeMethodAccessorImpl.invoke(NativeMethodAccessorImpl.java:77)
at java.base/jdk.internal.reflect.DelegatingMethodAccessorImpl.invoke(DelegatingMethodAccessorImpl.java:43)
at java.base/java.lang.reflect.Method.invoke(Method.java:568)
at org.testng.internal.MethodInvocationHelper.invokeMethod(MethodInvocationHelper.java:133)
at org.testng.internal.TestInvoker.invokeMethod(TestInvoker.java:598)
at org.testng.internal.TestInvoker.invokeTestMethod(TestInvoker.java:173)
at org.testng.internal.MethodRunner.runInSequence(MethodRunner.java:46)
at org.testng.internal.TestInvoker$MethodInvocationAgent.invoke(TestInvoker.java:824)
at org.testng.internal.TestInvoker.invokeTestMethods(TestInvoker.java:146)
at org.testng.internal.TestMethodWorker.invokeTestMethods(TestMethodWorker.java:146)
at org.testng.internal.TestMethodWorker.run(TestMethodWorker.java:128)
at java.base/java.util.ArrayList.forEach(ArrayList.java:1511)
at org.testng.TestRunner.privateRun(TestRunner.java:794)
at org.testng.TestRunner.run(TestRunner.java:596)
at org.testng.SuiteRunner.runTest(SuiteRunner.java:377)
at org.testng.SuiteRunner.runSequentially(SuiteRunner.java:371)
at org.testng.SuiteRunner.privateRun(SuiteRunner.java:332)
at org.testng.SuiteRunner.run(SuiteRunner.java:276)
at org.testng.SuiteRunnerWorker.runSuite(SuiteRunnerWorker.java:53)
at org.testng.SuiteRunnerWorker.run(SuiteRunnerWorker.java:96)
at org.testng.TestNG.runSuitesSequentially(TestNG.java:1212)
at org.testng.TestNG.runSuitesLocally(TestNG.java:1134)
at org.testng.TestNG.runSuites(TestNG.java:1063)
at org.testng.TestNG.run(TestNG.java:1031)
at org.testng.remote.AbstractRemoteTestNG.run(AbstractRemoteTestNG.java:115)
at org.testng.remote.RemoteTestNG.initAndRun(RemoteTestNG.java:251)
at org.testng.remote.RemoteTestNG.main(RemoteTestNG.java:77)
]]>
    </error>
  </testcase> <!-- BargraphIndustrySpeMediumStatutory -->
  <system-out/>
  <testcase classname="management.MgmtTestCountOne" name="BargraphIndustrySpeLowStatutory" time="4.127">
    <error message="For input string: &quot;&quot;" type="java.lang.NumberFormatException">
      <![CDATA[java.lang.NumberFormatException: For input string: ""
at java.base/java.lang.NumberFormatException.forInputString(NumberFormatException.java:67)
at java.base/java.lang.Integer.parseInt(Integer.java:678)
at java.base/java.lang.Integer.parseInt(Integer.java:786)
at management.MgmtTestCountOne.BargraphIndustrySpeLowStatutory(MgmtTestCountOne.java:1428)
at java.base/jdk.internal.reflect.NativeMethodAccessorImpl.invoke0(Native Method)
at java.base/jdk.internal.reflect.NativeMethodAccessorImpl.invoke(NativeMethodAccessorImpl.java:77)
at java.base/jdk.internal.reflect.DelegatingMethodAccessorImpl.invoke(DelegatingMethodAccessorImpl.java:43)
at java.base/java.lang.reflect.Method.invoke(Method.java:568)
at org.testng.internal.MethodInvocationHelper.invokeMethod(MethodInvocationHelper.java:133)
at org.testng.internal.TestInvoker.invokeMethod(TestInvoker.java:598)
at org.testng.internal.TestInvoker.invokeTestMethod(TestInvoker.java:173)
at org.testng.internal.MethodRunner.runInSequence(MethodRunner.java:46)
at org.testng.internal.TestInvoker$MethodInvocationAgent.invoke(TestInvoker.java:824)
at org.testng.internal.TestInvoker.invokeTestMethods(TestInvoker.java:146)
at org.testng.internal.TestMethodWorker.invokeTestMethods(TestMethodWorker.java:146)
at org.testng.internal.TestMethodWorker.run(TestMethodWorker.java:128)
at java.base/java.util.ArrayList.forEach(ArrayList.java:1511)
at org.testng.TestRunner.privateRun(TestRunner.java:794)
at org.testng.TestRunner.run(TestRunner.java:596)
at org.testng.SuiteRunner.runTest(SuiteRunner.java:377)
at org.testng.SuiteRunner.runSequentially(SuiteRunner.java:371)
at org.testng.SuiteRunner.privateRun(SuiteRunner.java:332)
at org.testng.SuiteRunner.run(SuiteRunner.java:276)
at org.testng.SuiteRunnerWorker.runSuite(SuiteRunnerWorker.java:53)
at org.testng.SuiteRunnerWorker.run(SuiteRunnerWorker.java:96)
at org.testng.TestNG.runSuitesSequentially(TestNG.java:1212)
at org.testng.TestNG.runSuitesLocally(TestNG.java:1134)
at org.testng.TestNG.runSuites(TestNG.java:1063)
at org.testng.TestNG.run(TestNG.java:1031)
at org.testng.remote.AbstractRemoteTestNG.run(AbstractRemoteTestNG.java:115)
at org.testng.remote.RemoteTestNG.initAndRun(RemoteTestNG.java:251)
at org.testng.remote.RemoteTestNG.main(RemoteTestNG.java:77)
]]>
    </error>
  </testcase> <!-- BargraphIndustrySpeLowStatutory -->
  <system-out/>
</testsuite> <!-- management.MgmtTestCountOne -->
