<?xml version="1.0" encoding="UTF-8"?>
<!-- Generated by org.testng.reporters.JUnitReportReporter -->
<testsuite hostname="DESKTOP-J8VA1KP" failures="0" tests="2" name="implementation.ImplementCount" time="41.121" errors="0" timestamp="2023-01-20T16:37:06 IST" skipped="0">
  <testcase classname="implementation.ImplementCount" name="Login" time="7.264"/>
  <system-out/>
  <testcase classname="implementation.ImplementCount" name="UsersandBranchUpload" time="33.857"/>
  <system-out/>
</testsuite> <!-- implementation.ImplementCount -->
