<?xml version="1.0" encoding="UTF-8"?>
<!-- Generated by org.testng.reporters.JUnitReportReporter -->
<testsuite hostname="DESKTOP-J8VA1KP" failures="0" tests="23" name="cfo.Mgmt" time="3432.102" errors="0" timestamp="2023-03-09T18:45:39 IST" skipped="0">
  <testcase classname="cfo.Mgmt" name="Login" time="19.707"/>
  <system-out/>
  <testcase classname="cfo.Mgmt" name="CategoriesCountMatch" time="111.703"/>
  <system-out/>
  <testcase classname="cfo.Mgmt" name="CompliancesCountMatch" time="25.186"/>
  <system-out/>
  <testcase classname="cfo.Mgmt" name="UsersCountMatch" time="24.903"/>
  <system-out/>
  <testcase classname="cfo.Mgmt" name="clickPenaltyStatutory" time="21.065"/>
  <system-out/>
  <testcase classname="cfo.Mgmt" name="SummaryofOverdueCompliances" time="40.666"/>
  <system-out/>
  <testcase classname="cfo.Mgmt" name="NotCompleted_PieChart" time="203.204"/>
  <system-out/>
  <testcase classname="cfo.Mgmt" name="ClosedDelayed_PieChart" time="233.491"/>
  <system-out/>
  <testcase classname="cfo.Mgmt" name="ClosedTimely_PieChart" time="226.080"/>
  <system-out/>
  <testcase classname="cfo.Mgmt" name="NotApplicable_PieChart" time="230.853"/>
  <system-out/>
  <testcase classname="cfo.Mgmt" name="Overdue_PieChart" time="209.494"/>
  <system-out/>
  <testcase classname="cfo.Mgmt" name="dueToday_PieChart" time="12.061"/>
  <system-out/>
  <testcase classname="cfo.Mgmt" name="pendingForReview_PieChart" time="240.236"/>
  <system-out/>
  <testcase classname="cfo.Mgmt" name="inProgress_PieChart" time="237.273"/>
  <system-out/>
  <testcase classname="cfo.Mgmt" name="rejected_PieChart" time="239.278"/>
  <system-out/>
  <testcase classname="cfo.Mgmt" name="BargraphIndustrySpeCriticalStatutory" time="243.722"/>
  <system-out/>
  <testcase classname="cfo.Mgmt" name="BargraphIndustrySpeHighStatutory" time="245.002"/>
  <system-out/>
  <testcase classname="cfo.Mgmt" name="BargraphIndustrySpeMediumStatutory" time="180.333"/>
  <system-out/>
  <testcase classname="cfo.Mgmt" name="BargraphIndustrySpeLowStatutory" time="72.572"/>
  <system-out/>
  <testcase classname="cfo.Mgmt" name="RiskSummaryCriticalStatutory" time="162.904"/>
  <system-out/>
  <testcase classname="cfo.Mgmt" name="RiskSummaryHighStatutory" time="149.004"/>
  <system-out/>
  <testcase classname="cfo.Mgmt" name="RiskSummaryMediumStatutory" time="151.165"/>
  <system-out/>
  <testcase classname="cfo.Mgmt" name="RiskSummaryLowStatutory" time="152.200"/>
  <system-out/>
</testsuite> <!-- cfo.Mgmt -->
