<?xml version="1.0" encoding="UTF-8"?>
<!-- Generated by org.testng.reporters.JUnitReportReporter -->
<testsuite hostname="DESKTOP-J8VA1KP" failures="0" tests="1" name="companyadmin.CompanyCount" time="17.674" errors="0" timestamp="2023-01-27T18:08:44 IST" skipped="0">
  <testcase classname="companyadmin.CompanyCount" name="Login" time="17.674"/>
  <system-out/>
</testsuite> <!-- companyadmin.CompanyCount -->
