<?xml version="1.0" encoding="UTF-8"?>
<!-- Generated by org.testng.reporters.JUnitReportReporter -->
<testsuite hostname="DESKTOP-J8VA1KP" failures="0" tests="2" name="complianceCertificateOwner.CertificateOwnerTest" time="31.445" errors="0" timestamp="2023-02-16T17:24:09 IST" skipped="0">
  <testcase classname="complianceCertificateOwner.CertificateOwnerTest" name="Login" time="16.818"/>
  <system-out/>
  <testcase classname="complianceCertificateOwner.CertificateOwnerTest" name="CertificateOwnerReviewer" time="14.627"/>
  <system-out/>
</testsuite> <!-- complianceCertificateOwner.CertificateOwnerTest -->
