<?xml version="1.0" encoding="UTF-8"?>
<!-- Generated by org.testng.reporters.JUnitReportReporter -->
<testsuite hostname="DESKTOP-J8VA1KP" failures="0" tests="37" name="cfo.Mgmt" time="2573.620" errors="0" timestamp="2023-02-15T17:29:59 IST" skipped="0">
  <testcase classname="cfo.Mgmt" name="Login" time="20.466"/>
  <system-out/>
  <testcase classname="cfo.Mgmt" name="Overdue_PieChartPeriod" time="210.384"/>
  <system-out/>
  <testcase classname="cfo.Mgmt" name="dueToday_PieChartPeriod" time="178.456"/>
  <system-out/>
  <testcase classname="cfo.Mgmt" name="pendingForReview_PieChartPeriod" time="255.664"/>
  <system-out/>
  <testcase classname="cfo.Mgmt" name="rejected_PieChartPeriod" time="181.786"/>
  <system-out/>
  <testcase classname="cfo.Mgmt" name="PenaltySummaryStatutory" time="98.366"/>
  <system-out/>
  <testcase classname="cfo.Mgmt" name="GradingReportStatutory" time="34.403"/>
  <system-out/>
  <testcase classname="cfo.Mgmt" name="complianceCalendar" time="67.238"/>
  <system-out/>
  <testcase classname="cfo.Mgmt" name="DailyUpdates" time="42.535"/>
  <system-out/>
  <testcase classname="cfo.Mgmt" name="NewsLetter" time="23.041"/>
  <system-out/>
  <testcase classname="cfo.Mgmt" name="StandardReportOverall" time="49.570"/>
  <system-out/>
  <testcase classname="cfo.Mgmt" name="StandardReportLocation" time="49.362"/>
  <system-out/>
  <testcase classname="cfo.Mgmt" name="StandardReportUser" time="49.395"/>
  <system-out/>
  <testcase classname="cfo.Mgmt" name="StandardReportCategory" time="50.260"/>
  <system-out/>
  <testcase classname="cfo.Mgmt" name="StandardReportRisk" time="50.511"/>
  <system-out/>
  <testcase classname="cfo.Mgmt" name="StandardReportDetailed" time="38.839"/>
  <system-out/>
  <testcase classname="cfo.Mgmt" name="StandardReportCriticalRisk" time="50.243"/>
  <system-out/>
  <testcase classname="cfo.Mgmt" name="StandardReportOverallIN" time="55.833"/>
  <system-out/>
  <testcase classname="cfo.Mgmt" name="StandardReportLocationIN" time="53.039"/>
  <system-out/>
  <testcase classname="cfo.Mgmt" name="StandardReportUserIn" time="53.957"/>
  <system-out/>
  <testcase classname="cfo.Mgmt" name="StandardReportCategoryIn" time="59.999"/>
  <system-out/>
  <testcase classname="cfo.Mgmt" name="StandardReportRiskIN" time="54.098"/>
  <system-out/>
  <testcase classname="cfo.Mgmt" name="StandardReportDetailedIN" time="44.865"/>
  <system-out/>
  <testcase classname="cfo.Mgmt" name="StandardReportCriticalRiskIN" time="53.531"/>
  <system-out/>
  <testcase classname="cfo.Mgmt" name="DetailedReport" time="134.414"/>
  <system-out/>
  <testcase classname="cfo.Mgmt" name="DetailedReportIn" time="64.958"/>
  <system-out/>
  <testcase classname="cfo.Mgmt" name="AssignmentReport" time="43.071"/>
  <system-out/>
  <testcase classname="cfo.Mgmt" name="UsageReport" time="33.728"/>
  <system-out/>
  <testcase classname="cfo.Mgmt" name="AuditReport" time="25.929"/>
  <system-out/>
  <testcase classname="cfo.Mgmt" name="ActRepository" time="24.344"/>
  <system-out/>
  <testcase classname="cfo.Mgmt" name="ComplianceDocuments" time="123.643"/>
  <system-out/>
  <testcase classname="cfo.Mgmt" name="ComplianceDocumentsIN" time="132.774"/>
  <system-out/>
  <testcase classname="cfo.Mgmt" name="CriticalDocuments" time="53.073"/>
  <system-out/>
  <testcase classname="cfo.Mgmt" name="ActDocuments" time="43.355"/>
  <system-out/>
  <testcase classname="cfo.Mgmt" name="MyNotifications" time="29.644"/>
  <system-out/>
  <testcase classname="cfo.Mgmt" name="InternalMsg" time="23.172"/>
  <system-out/>
  <testcase classname="cfo.Mgmt" name="SupportTicket" time="15.674"/>
  <system-out/>
</testsuite> <!-- cfo.Mgmt -->
