<?xml version="1.0" encoding="UTF-8"?>
<!-- Generated by org.testng.reporters.JUnitReportReporter -->
<testsuite hostname="DESKTOP-J8VA1KP" failures="0" tests="2" name="departmentHead.DeptcountStatutory" time="184.917" errors="0" timestamp="2023-03-23T11:27:07 IST" skipped="0">
  <testcase classname="departmentHead.DeptcountStatutory" name="Login" time="37.366"/>
  <system-out/>
  <testcase classname="departmentHead.DeptcountStatutory" name="rejected_PieChart" time="147.551"/>
  <system-out/>
</testsuite> <!-- departmentHead.DeptcountStatutory -->
