<?xml version="1.0" encoding="UTF-8"?>
<!-- Generated by org.testng.reporters.JUnitReportReporter -->
<testsuite hostname="DESKTOP-J8VA1KP" failures="0" tests="2" name="implementation.ImplementCount" time="99.269" errors="0" timestamp="2023-03-17T15:04:06 IST" skipped="0">
  <testcase classname="implementation.ImplementCount" name="Login" time="7.828"/>
  <system-out/>
  <testcase classname="implementation.ImplementCount" name="Eventfrequencymapping" time="91.441"/>
  <system-out/>
</testsuite> <!-- implementation.ImplementCount -->
