<?xml version="1.0" encoding="UTF-8"?>
<!-- Generated by org.testng.reporters.JUnitReportReporter -->
<testsuite hostname="DESKTOP-J8VA1KP" failures="0" tests="2" name="researchReviewer.RRTestCase" time="65.766" errors="0" timestamp="2023-03-14T12:50:35 IST" skipped="0">
  <testcase classname="researchReviewer.RRTestCase" name="Login" time="11.490"/>
  <system-out/>
  <testcase classname="researchReviewer.RRTestCase" name="ActDepartmentMaster" time="54.276"/>
  <system-out/>
</testsuite> <!-- researchReviewer.RRTestCase -->
