<?xml version="1.0" encoding="UTF-8"?>
<!-- Generated by org.testng.reporters.JUnitReportReporter -->
<testsuite skipped="0" hostname="LAPTOP-TBA24BB5" name="cfo.CFOcountStatutory" tests="2" failures="0" timestamp="2023-01-10T13:17:22 IST" time="217.538" errors="0">
  <testcase name="Login" time="26.683" classname="cfo.CFOcountStatutory"/>
  <system-out/>
  <testcase name="NotCompleted_PieChart" time="190.855" classname="cfo.CFOcountStatutory"/>
  <system-out/>
</testsuite> <!-- cfo.CFOcountStatutory -->
