<?xml version="1.0" encoding="UTF-8"?>
<!-- Generated by org.testng.reporters.JUnitReportReporter -->
<testsuite hostname="DESKTOP-J8VA1KP" failures="0" tests="2" name="cfo.Mgmt" time="82.649" errors="0" timestamp="2023-02-22T16:57:22 IST" skipped="0">
  <testcase classname="cfo.Mgmt" name="Login" time="19.782"/>
  <system-out/>
  <testcase classname="cfo.Mgmt" name="DetailedReportReOpen" time="62.867"/>
  <system-out/>
</testsuite> <!-- cfo.Mgmt -->
