<?xml version="1.0" encoding="UTF-8"?>
<!-- Generated by org.testng.reporters.JUnitReportReporter -->
<testsuite hostname="DESKTOP-J8VA1KP" failures="0" tests="3" name="arsProduct.ArsTestCase" time="48.446" errors="0" timestamp="2023-02-24T18:24:32 IST" skipped="0">
  <testcase classname="arsProduct.ArsTestCase" name="Login" time="19.189"/>
  <system-out/>
  <testcase classname="arsProduct.ArsTestCase" name="ReAssign" time="18.895"/>
  <system-out/>
  <testcase classname="arsProduct.ArsTestCase" name="DeleteProcess" time="10.362"/>
  <system-out/>
</testsuite> <!-- arsProduct.ArsTestCase -->
