<?xml version="1.0" encoding="UTF-8"?>
<!-- Generated by org.testng.reporters.JUnitReportReporter -->
<testsuite hostname="DESKTOP-J8VA1KP" failures="0" tests="2" name="performer.OverdueCount" time="51.886" errors="0" timestamp="2023-03-09T11:46:37 IST" skipped="0">
  <testcase classname="performer.OverdueCount" name="Login" time="21.397"/>
  <system-out/>
  <testcase classname="performer.OverdueCount" name="WorkspaceADExportInternal" time="30.489"/>
  <system-out/>
</testsuite> <!-- performer.OverdueCount -->
