<?xml version="1.0" encoding="UTF-8"?>
<!-- Generated by org.testng.reporters.JUnitReportReporter -->
<testsuite hostname="DESKTOP-J8VA1KP" failures="0" tests="2" name="companyadmin.CompanyCount" time="58.535" errors="0" timestamp="2023-04-10T17:51:25 IST" skipped="0">
  <testcase classname="companyadmin.CompanyCount" name="Login" time="18.340"/>
  <system-out/>
  <testcase classname="companyadmin.CompanyCount" name="UploadedFileisplay" time="40.195"/>
  <system-out/>
</testsuite> <!-- companyadmin.CompanyCount -->
