<?xml version="1.0" encoding="UTF-8"?>
<!-- Generated by org.testng.reporters.JUnitReportReporter -->
<testsuite hostname="DESKTOP-J8VA1KP" failures="0" tests="3" name="departmentHead.DeptcountStatutory" time="266.136" errors="0" timestamp="2023-03-28T11:27:53 IST" skipped="0">
  <testcase classname="departmentHead.DeptcountStatutory" name="Login" time="34.951"/>
  <system-out/>
  <testcase classname="departmentHead.DeptcountStatutory" name="ClosedDelayed_PieChartPeriod" time="119.145"/>
  <system-out/>
  <testcase classname="departmentHead.DeptcountStatutory" name="rejected_PieChartPeriod" time="112.040"/>
  <system-out/>
</testsuite> <!-- departmentHead.DeptcountStatutory -->
