<?xml version="1.0" encoding="UTF-8"?>
<!-- Generated by org.testng.reporters.JUnitReportReporter -->
<testsuite hostname="DESKTOP-J8VA1KP" failures="0" tests="2" name="implementation.ImplementCount" time="59.460" errors="0" timestamp="2023-02-08T13:12:29 IST" skipped="0">
  <testcase classname="implementation.ImplementCount" name="Login" time="12.229"/>
  <system-out/>
  <testcase classname="implementation.ImplementCount" name="BlockScheduleStatutory" time="47.231"/>
  <system-out/>
</testsuite> <!-- implementation.ImplementCount -->
