<?xml version="1.0" encoding="UTF-8"?>
<!-- Generated by org.testng.reporters.JUnitReportReporter -->
<testsuite hostname="DESKTOP-J8VA1KP" failures="0" tests="1" name="cfo.MgmtBita" time="19.343" errors="0" timestamp="2023-01-18T10:22:46 IST" skipped="0">
  <testcase classname="cfo.MgmtBita" name="Login" time="19.343"/>
  <system-out/>
</testsuite> <!-- cfo.MgmtBita -->
