<?xml version="1.0" encoding="UTF-8"?>
<!-- Generated by org.testng.reporters.JUnitReportReporter -->
<testsuite skipped="0" hostname="LAPTOP-TBA24BB5" name="companyadmin.CompanyCount" tests="2" failures="0" timestamp="2023-01-13T18:13:33 IST" time="147.514" errors="0">
  <testcase name="Login" time="27.620" classname="companyadmin.CompanyCount"/>
  <system-out/>
  <testcase name="Reports" time="119.894" classname="companyadmin.CompanyCount"/>
  <system-out/>
</testsuite> <!-- companyadmin.CompanyCount -->
