<?xml version="1.0" encoding="UTF-8"?>
<!-- Generated by org.testng.reporters.JUnitReportReporter -->
<testsuite hostname="DESKTOP-J8VA1KP" failures="0" tests="2" name="cfo.MgmtAvantis" time="57.706" errors="0" timestamp="2023-03-24T11:16:51 IST" skipped="0">
  <testcase classname="cfo.MgmtAvantis" name="Login" time="22.673"/>
  <system-out/>
  <testcase classname="cfo.MgmtAvantis" name="EventReport" time="35.033"/>
  <system-out/>
</testsuite> <!-- cfo.MgmtAvantis -->
