<?xml version="1.0" encoding="UTF-8"?>
<!-- Generated by org.testng.reporters.JUnitReportReporter -->
<testsuite hostname="DESKTOP-J8VA1KP" failures="0" tests="34" name="approval.ApprovalcountStatutory" time="1752.680" errors="0" timestamp="2023-03-27T15:20:48 IST" skipped="0">
  <testcase classname="approval.ApprovalcountStatutory" name="Login" time="26.203"/>
  <system-out/>
  <testcase classname="approval.ApprovalcountStatutory" name="NotCompleted_PieChartPeriod" time="46.464"/>
  <system-out/>
  <testcase classname="approval.ApprovalcountStatutory" name="ClosedTimely_PieChartPeriod" time="52.475"/>
  <system-out/>
  <testcase classname="approval.ApprovalcountStatutory" name="Overdue_PieChartPeriod" time="52.526"/>
  <system-out/>
  <testcase classname="approval.ApprovalcountStatutory" name="pendingForReview_PieChartPeriod" time="61.806"/>
  <system-out/>
  <testcase classname="approval.ApprovalcountStatutory" name="rejected_PieChartPeriod" time="54.334"/>
  <system-out/>
  <testcase classname="approval.ApprovalcountStatutory" name="GradingReportStatutory" time="30.056"/>
  <system-out/>
  <testcase classname="approval.ApprovalcountStatutory" name="complianceCalendar" time="29.544"/>
  <system-out/>
  <testcase classname="approval.ApprovalcountStatutory" name="DailyUpdates" time="42.872"/>
  <system-out/>
  <testcase classname="approval.ApprovalcountStatutory" name="NewsLetter" time="18.016"/>
  <system-out/>
  <testcase classname="approval.ApprovalcountStatutory" name="StandardReportOverall" time="51.804"/>
  <system-out/>
  <testcase classname="approval.ApprovalcountStatutory" name="StandardReportLocation" time="52.208"/>
  <system-out/>
  <testcase classname="approval.ApprovalcountStatutory" name="StandardReportUser" time="51.762"/>
  <system-out/>
  <testcase classname="approval.ApprovalcountStatutory" name="StandardReportCategory" time="54.350"/>
  <system-out/>
  <testcase classname="approval.ApprovalcountStatutory" name="StandardReportRisk" time="53.077"/>
  <system-out/>
  <testcase classname="approval.ApprovalcountStatutory" name="StandardReportDetailed" time="40.633"/>
  <system-out/>
  <testcase classname="approval.ApprovalcountStatutory" name="StandardReportCriticalRisk" time="53.156"/>
  <system-out/>
  <testcase classname="approval.ApprovalcountStatutory" name="StandardReportDepartment" time="39.627"/>
  <system-out/>
  <testcase classname="approval.ApprovalcountStatutory" name="StandardReportOverallIN" time="55.632"/>
  <system-out/>
  <testcase classname="approval.ApprovalcountStatutory" name="StandardReportLocationIN" time="52.303"/>
  <system-out/>
  <testcase classname="approval.ApprovalcountStatutory" name="StandardReportUserIn" time="58.256"/>
  <system-out/>
  <testcase classname="approval.ApprovalcountStatutory" name="StandardReportCategoryIn" time="61.914"/>
  <system-out/>
  <testcase classname="approval.ApprovalcountStatutory" name="StandardReportRiskIN" time="57.236"/>
  <system-out/>
  <testcase classname="approval.ApprovalcountStatutory" name="StandardReportDetailedIN" time="48.838"/>
  <system-out/>
  <testcase classname="approval.ApprovalcountStatutory" name="StandardReportCriticalRiskIN" time="59.960"/>
  <system-out/>
  <testcase classname="approval.ApprovalcountStatutory" name="StandardReportDepartmentIN" time="44.161"/>
  <system-out/>
  <testcase classname="approval.ApprovalcountStatutory" name="DetailedReport" time="101.833"/>
  <system-out/>
  <testcase classname="approval.ApprovalcountStatutory" name="DetailedReportIn" time="123.033"/>
  <system-out/>
  <testcase classname="approval.ApprovalcountStatutory" name="AssignmentReport" time="33.063"/>
  <system-out/>
  <testcase classname="approval.ApprovalcountStatutory" name="ComplianceRepository" time="24.757"/>
  <system-out/>
  <testcase classname="approval.ApprovalcountStatutory" name="ComplianceDocuments" time="124.070"/>
  <system-out/>
  <testcase classname="approval.ApprovalcountStatutory" name="CriticalDocuments" time="57.741"/>
  <system-out/>
  <testcase classname="approval.ApprovalcountStatutory" name="InternalMsg" time="23.277"/>
  <system-out/>
  <testcase classname="approval.ApprovalcountStatutory" name="SupportTicket" time="15.693"/>
  <system-out/>
</testsuite> <!-- approval.ApprovalcountStatutory -->
