<?xml version="1.0" encoding="UTF-8"?>
<!-- Generated by org.testng.reporters.JUnitReportReporter -->
<testsuite hostname="DESKTOP-J8VA1KP" failures="0" tests="2" name="performer.OverdueCount" time="67.764" errors="0" timestamp="2023-02-24T10:52:55 IST" skipped="0">
  <testcase classname="performer.OverdueCount" name="Login" time="18.111"/>
  <system-out/>
  <testcase classname="performer.OverdueCount" name="DetailedReportStautau" time="49.653"/>
  <system-out/>
</testsuite> <!-- performer.OverdueCount -->
