<?xml version="1.0" encoding="UTF-8"?>
<!-- Generated by org.testng.reporters.JUnitReportReporter -->
<testsuite hostname="DESKTOP-J8VA1KP" failures="0" tests="5" name="performer.OverdueCount" time="313.799" errors="0" timestamp="2023-01-27T12:59:05 IST" skipped="0">
  <testcase classname="performer.OverdueCount" name="Login" time="17.528"/>
  <system-out/>
  <testcase classname="performer.OverdueCount" name="StatutoryChecklistAction" time="104.289"/>
  <system-out/>
  <testcase classname="performer.OverdueCount" name="StatutoryChecklistBox" time="54.695"/>
  <system-out/>
  <testcase classname="performer.OverdueCount" name="InternalCheckListAction" time="85.204"/>
  <system-out/>
  <testcase classname="performer.OverdueCount" name="InternalCheckListCheckBox" time="52.083"/>
  <system-out/>
</testsuite> <!-- performer.OverdueCount -->
