<?xml version="1.0" encoding="UTF-8"?>
<!-- Generated by org.testng.reporters.JUnitReportReporter -->
<testsuite hostname="DESKTOP-J8VA1KP" failures="0" tests="2" name="reviewer.ReviewerCount" time="92.069" errors="0" timestamp="2023-03-24T12:01:19 IST" skipped="0">
  <testcase classname="reviewer.ReviewerCount" name="Login" time="36.535"/>
  <system-out/>
  <testcase classname="reviewer.ReviewerCount" name="CompletedCountStatutory" time="55.534"/>
  <system-out/>
</testsuite> <!-- reviewer.ReviewerCount -->
