<?xml version="1.0" encoding="UTF-8"?>
<!-- Generated by org.testng.reporters.JUnitReportReporter -->
<testsuite hostname="DESKTOP-J8VA1KP" failures="0" tests="2" name="implementation.ImplementCount" time="43.181" errors="0" timestamp="2023-03-13T12:55:58 IST" skipped="0">
  <testcase classname="implementation.ImplementCount" name="Login" time="8.033"/>
  <system-out/>
  <testcase classname="implementation.ImplementCount" name="UsersDeptDisplay" time="35.148"/>
  <system-out/>
</testsuite> <!-- implementation.ImplementCount -->
