<?xml version="1.0" encoding="UTF-8"?>
<!-- Generated by org.testng.reporters.JUnitReportReporter -->
<testsuite hostname="DESKTOP-J8VA1KP" failures="0" tests="2" name="departmentHead.DeptcountStatutory" time="178.426" errors="0" timestamp="2023-03-13T11:46:55 IST" skipped="0">
  <testcase classname="departmentHead.DeptcountStatutory" name="Login" time="35.608"/>
  <system-out/>
  <testcase classname="departmentHead.DeptcountStatutory" name="rejected_PieChart" time="142.818"/>
  <system-out/>
</testsuite> <!-- departmentHead.DeptcountStatutory -->
