<?xml version="1.0" encoding="UTF-8"?>
<!-- Generated by org.testng.reporters.JUnitReportReporter -->
<testsuite hostname="DESKTOP-J8VA1KP" failures="0" tests="1" name="cfo.MgmtBita" time="21.251" errors="0" timestamp="2023-01-31T10:02:17 IST" skipped="0">
  <testcase classname="cfo.MgmtBita" name="Login" time="21.251"/>
  <system-out/>
</testsuite> <!-- cfo.MgmtBita -->
