<?xml version="1.0" encoding="UTF-8"?>
<!-- Generated by org.testng.reporters.JUnitReportReporter -->
<testsuite hostname="DESKTOP-J8VA1KP" failures="0" tests="11" name="cfo.CFOcountInternal" time="1719.734" errors="0" timestamp="2023-03-23T19:08:53 IST" skipped="0">
  <testcase classname="cfo.CFOcountInternal" name="Login" time="33.638"/>
  <system-out/>
  <testcase classname="cfo.CFOcountInternal" name="DepartmentSummaryInternal" time="150.929"/>
  <system-out/>
  <testcase classname="cfo.CFOcountInternal" name="ClosedTimely_PieChartPeriod" time="256.854"/>
  <system-out/>
  <testcase classname="cfo.CFOcountInternal" name="ClosedDelayed_PieChartPeriod" time="261.644"/>
  <system-out/>
  <testcase classname="cfo.CFOcountInternal" name="NotCompleted_PieChartPeriod" time="202.354"/>
  <system-out/>
  <testcase classname="cfo.CFOcountInternal" name="NotApplicable_PieChartPeriod" time="70.723"/>
  <system-out/>
  <testcase classname="cfo.CFOcountInternal" name="Overdue_PieChartInternalPeriod" time="211.021"/>
  <system-out/>
  <testcase classname="cfo.CFOcountInternal" name="PFR_PieChartInternalPeriod" time="237.245"/>
  <system-out/>
  <testcase classname="cfo.CFOcountInternal" name="Rejected_PieChartInternalPeriod" time="231.283"/>
  <system-out/>
  <testcase classname="cfo.CFOcountInternal" name="GradingReportInternal" time="34.520"/>
  <system-out/>
  <testcase classname="cfo.CFOcountInternal" name="complianceCalendar" time="29.523"/>
  <system-out/>
</testsuite> <!-- cfo.CFOcountInternal -->
